DEPRECATION WARNING: alias_method_chain is deprecated. Please, use Module#prepend instead. From module, you can access the original method using super. (called from block in tsort_each at /Users/yamaneyusuke/.rbenv/versions/2.2.2/lib/ruby/2.2.0/tsort.rb:226)
DEPRECATION WARNING: alias_method_chain is deprecated. Please, use Module#prepend instead. From module, you can access the original method using super. (called from block in tsort_each at /Users/yamaneyusuke/.rbenv/versions/2.2.2/lib/ruby/2.2.0/tsort.rb:226)
DEPRECATION WARNING: before_filter is deprecated and will be removed in Rails 5.1. Use before_action instead. (called from <top (required)> at /Users/yamaneyusuke/projects/campfire/app/controllers/application_controller.rb:1)
DEPRECATION WARNING: after_filter is deprecated and will be removed in Rails 5.1. Use after_action instead. (called from <top (required)> at /Users/yamaneyusuke/projects/campfire/app/controllers/application_controller.rb:1)
DEPRECATION WARNING: alias_method_chain is deprecated. Please, use Module#prepend instead. From module, you can access the original method using super. (called from block in tsort_each at /Users/yamaneyusuke/.rbenv/versions/2.2.2/lib/ruby/2.2.0/tsort.rb:226)
DEPRECATION WARNING: alias_method_chain is deprecated. Please, use Module#prepend instead. From module, you can access the original method using super. (called from block in tsort_each at /Users/yamaneyusuke/.rbenv/versions/2.2.2/lib/ruby/2.2.0/tsort.rb:226)
DEPRECATION WARNING: alias_method_chain is deprecated. Please, use Module#prepend instead. From module, you can access the original method using super. (called from block in tsort_each at /Users/yamaneyusuke/.rbenv/versions/2.2.2/lib/ruby/2.2.0/tsort.rb:226)
DEPRECATION WARNING: alias_method_chain is deprecated. Please, use Module#prepend instead. From module, you can access the original method using super. (called from block in tsort_each at /Users/yamaneyusuke/.rbenv/versions/2.2.2/lib/ruby/2.2.0/tsort.rb:226)
DEPRECATION WARNING: alias_method_chain is deprecated. Please, use Module#prepend instead. From module, you can access the original method using super. (called from block in tsort_each at /Users/yamaneyusuke/.rbenv/versions/2.2.2/lib/ruby/2.2.0/tsort.rb:226)
DEPRECATION WARNING: alias_method_chain is deprecated. Please, use Module#prepend instead. From module, you can access the original method using super. (called from block in tsort_each at /Users/yamaneyusuke/.rbenv/versions/2.2.2/lib/ruby/2.2.0/tsort.rb:226)
  [1m[35m (69.5ms)[0m  [1m[35mCREATE TABLE `schema_migrations` (`version` varchar(255) NOT NULL) ENGINE=InnoDB[0m
  [1m[35m (45.8ms)[0m  [1m[35mCREATE UNIQUE INDEX `unique_schema_migrations`  ON `schema_migrations` (`version`) [0m
  [1m[35m (0.8ms)[0m  [1m[34mSELECT DATABASE() as db[0m
  [1m[35m (1.6ms)[0m  [1m[34mSELECT GET_LOCK('7725324632540604075', 0);[0m
  [1m[36mActiveRecord::SchemaMigration Load (0.3ms)[0m  [1m[34mSELECT `schema_migrations`.* FROM `schema_migrations`[0m
Migrating to CreateMessages (20160110064615)
  [1m[35m (42.6ms)[0m  [1m[35mCREATE TABLE `messages` (`id` int AUTO_INCREMENT PRIMARY KEY, `content` text, `created_at` datetime NOT NULL, `updated_at` datetime NOT NULL) ENGINE=InnoDB[0m
  [1m[35m (0.2ms)[0m  [1m[35mBEGIN[0m
  [1m[35mSQL (0.6ms)[0m  [1m[32mINSERT INTO `schema_migrations` (`version`) VALUES ('20160110064615')[0m
  [1m[35m (0.3ms)[0m  [1m[35mCOMMIT[0m
  [1m[35m (0.2ms)[0m  [1m[34mSELECT RELEASE_LOCK('7725324632540604075')[0m
  [1m[36mActiveRecord::SchemaMigration Load (0.2ms)[0m  [1m[34mSELECT `schema_migrations`.* FROM `schema_migrations`[0m
  [1m[35m (0.3ms)[0m  [1m[35mSHOW CREATE TABLE `messages`[0m
  [1m[35m (0.5ms)[0m  [1m[35mSHOW TABLE STATUS LIKE 'messages'[0m
  [1m[35m (0.3ms)[0m  [1m[34mSELECT fk.referenced_table_name as 'to_table'
      ,fk.referenced_column_name as 'primary_key'
      ,fk.column_name as 'column'
      ,fk.constraint_name as 'name'
FROM information_schema.key_column_usage fk
WHERE fk.referenced_column_name is not null
  AND fk.table_schema = 'campfire_development'
  AND fk.table_name = 'messages'
[0m
  [1m[35m (0.4ms)[0m  [1m[35mSHOW CREATE TABLE `messages`[0m
DEPRECATION WARNING: alias_method_chain is deprecated. Please, use Module#prepend instead. From module, you can access the original method using super. (called from block in tsort_each at /Users/yamaneyusuke/.rbenv/versions/2.2.2/lib/ruby/2.2.0/tsort.rb:226)
DEPRECATION WARNING: alias_method_chain is deprecated. Please, use Module#prepend instead. From module, you can access the original method using super. (called from block in tsort_each at /Users/yamaneyusuke/.rbenv/versions/2.2.2/lib/ruby/2.2.0/tsort.rb:226)
  [1m[35m (0.2ms)[0m  [1m[35mBEGIN[0m
  [1m[35mSQL (1.6ms)[0m  [1m[32mINSERT INTO `messages` (`content`, `created_at`, `updated_at`) VALUES ('Hello world!', '2016-01-10 06:50:16', '2016-01-10 06:50:16')[0m
  [1m[35m (0.4ms)[0m  [1m[35mCOMMIT[0m
DEPRECATION WARNING: alias_method_chain is deprecated. Please, use Module#prepend instead. From module, you can access the original method using super. (called from block in tsort_each at /Users/yamaneyusuke/.rbenv/versions/2.2.2/lib/ruby/2.2.0/tsort.rb:226)
DEPRECATION WARNING: before_filter is deprecated and will be removed in Rails 5.1. Use before_action instead. (called from <top (required)> at /Users/yamaneyusuke/projects/campfire/app/controllers/application_controller.rb:1)
DEPRECATION WARNING: after_filter is deprecated and will be removed in Rails 5.1. Use after_action instead. (called from <top (required)> at /Users/yamaneyusuke/projects/campfire/app/controllers/application_controller.rb:1)
DEPRECATION WARNING: alias_method_chain is deprecated. Please, use Module#prepend instead. From module, you can access the original method using super. (called from block in tsort_each at /Users/yamaneyusuke/.rbenv/versions/2.2.2/lib/ruby/2.2.0/tsort.rb:226)
DEPRECATION WARNING: before_filter is deprecated and will be removed in Rails 5.1. Use before_action instead. (called from <top (required)> at /Users/yamaneyusuke/projects/campfire/app/controllers/application_controller.rb:1)
DEPRECATION WARNING: after_filter is deprecated and will be removed in Rails 5.1. Use after_action instead. (called from <top (required)> at /Users/yamaneyusuke/projects/campfire/app/controllers/application_controller.rb:1)
DEPRECATION WARNING: alias_method_chain is deprecated. Please, use Module#prepend instead. From module, you can access the original method using super. (called from block in tsort_each at /Users/yamaneyusuke/.rbenv/versions/2.2.2/lib/ruby/2.2.0/tsort.rb:226)
DEPRECATION WARNING: before_filter is deprecated and will be removed in Rails 5.1. Use before_action instead. (called from <top (required)> at /Users/yamaneyusuke/projects/campfire/app/controllers/application_controller.rb:1)
DEPRECATION WARNING: after_filter is deprecated and will be removed in Rails 5.1. Use after_action instead. (called from <top (required)> at /Users/yamaneyusuke/projects/campfire/app/controllers/application_controller.rb:1)
DEPRECATION WARNING: alias_method_chain is deprecated. Please, use Module#prepend instead. From module, you can access the original method using super. (called from block in tsort_each at /Users/yamaneyusuke/.rbenv/versions/2.2.2/lib/ruby/2.2.0/tsort.rb:226)
DEPRECATION WARNING: before_filter is deprecated and will be removed in Rails 5.1. Use before_action instead. (called from <top (required)> at /Users/yamaneyusuke/projects/campfire/app/controllers/application_controller.rb:1)
DEPRECATION WARNING: after_filter is deprecated and will be removed in Rails 5.1. Use after_action instead. (called from <top (required)> at /Users/yamaneyusuke/projects/campfire/app/controllers/application_controller.rb:1)
DEPRECATION WARNING: alias_method_chain is deprecated. Please, use Module#prepend instead. From module, you can access the original method using super. (called from block in tsort_each at /Users/yamaneyusuke/.rbenv/versions/2.2.2/lib/ruby/2.2.0/tsort.rb:226)
DEPRECATION WARNING: before_filter is deprecated and will be removed in Rails 5.1. Use before_action instead. (called from <top (required)> at /Users/yamaneyusuke/projects/campfire/app/controllers/application_controller.rb:1)
DEPRECATION WARNING: after_filter is deprecated and will be removed in Rails 5.1. Use after_action instead. (called from <top (required)> at /Users/yamaneyusuke/projects/campfire/app/controllers/application_controller.rb:1)
DEPRECATION WARNING: alias_method_chain is deprecated. Please, use Module#prepend instead. From module, you can access the original method using super. (called from block in tsort_each at /Users/yamaneyusuke/.rbenv/versions/2.2.2/lib/ruby/2.2.0/tsort.rb:226)
DEPRECATION WARNING: before_filter is deprecated and will be removed in Rails 5.1. Use before_action instead. (called from <top (required)> at /Users/yamaneyusuke/projects/campfire/app/controllers/application_controller.rb:1)
DEPRECATION WARNING: after_filter is deprecated and will be removed in Rails 5.1. Use after_action instead. (called from <top (required)> at /Users/yamaneyusuke/projects/campfire/app/controllers/application_controller.rb:1)


Started GET "/" for 127.0.0.1 at 2016-01-10 16:02:10 +0900
  [1m[36mActiveRecord::SchemaMigration Load (0.7ms)[0m  [1m[34mSELECT `schema_migrations`.* FROM `schema_migrations`[0m
Processing by RoomsController#show as HTML
  [1m[36mMessage Load (1.0ms)[0m  [1m[34mSELECT `messages`.* FROM `messages`[0m
  Rendered rooms/show.html.erb within layouts/application (39.0ms)
Completed 500 Internal Server Error in 67ms (ActiveRecord: 23.4ms)

ActionView::Template::Error (Missing partial messages/_message with {:locale=>[:en], :formats=>[:html], :variants=>[], :handlers=>[:raw, :erb, :builder, :ruby, :coffee, :jbuilder]}. Searched in:
  * "/Users/yamaneyusuke/projects/campfire/app/views"
):
    1: <h1>Chat room</h1>
    2: 
    3: <div id="messages">
    4:   <%= render @messages %>
    5: </div>
  app/views/rooms/show.html.erb:4:in `_app_views_rooms_show_html_erb___1902495511455075439_70279486516980'


  Rendered /Users/yamaneyusuke/.rbenv/versions/2.2.2/lib/ruby/gems/2.2.0/gems/actionpack-5.0.0.beta1/lib/action_dispatch/middleware/templates/rescues/_source.html.erb (8.5ms)


Started GET "/" for 127.0.0.1 at 2016-01-10 16:02:11 +0900
Processing by RoomsController#show as HTML
  [1m[36mMessage Load (0.4ms)[0m  [1m[34mSELECT `messages`.* FROM `messages`[0m
  Rendered rooms/show.html.erb within layouts/application (6.0ms)
Completed 500 Internal Server Error in 16ms (ActiveRecord: 0.4ms)

ActionView::Template::Error (Missing partial messages/_message with {:locale=>[:en], :formats=>[:html], :variants=>[], :handlers=>[:raw, :erb, :builder, :ruby, :coffee, :jbuilder]}. Searched in:
  * "/Users/yamaneyusuke/projects/campfire/app/views"
):
    1: <h1>Chat room</h1>
    2: 
    3: <div id="messages">
    4:   <%= render @messages %>
    5: </div>
  app/views/rooms/show.html.erb:4:in `_app_views_rooms_show_html_erb___1902495511455075439_70279486516980'


  Rendered /Users/yamaneyusuke/.rbenv/versions/2.2.2/lib/ruby/gems/2.2.0/gems/actionpack-5.0.0.beta1/lib/action_dispatch/middleware/templates/rescues/_trace.html.erb (2.8ms)
  Rendered /Users/yamaneyusuke/.rbenv/versions/2.2.2/lib/ruby/gems/2.2.0/gems/actionpack-5.0.0.beta1/lib/action_dispatch/middleware/templates/rescues/_request_and_response.html.erb (0.9ms)
  Rendered /Users/yamaneyusuke/.rbenv/versions/2.2.2/lib/ruby/gems/2.2.0/gems/actionpack-5.0.0.beta1/lib/action_dispatch/middleware/templates/rescues/template_error.html.erb within rescues/layout (237.5ms)
DEPRECATION WARNING: #original_exception is deprecated. Use #cause instead. (called from block in render_exception_with_web_console at /Users/yamaneyusuke/.rbenv/versions/2.2.2/lib/ruby/gems/2.2.0/gems/web-console-3.0.0/lib/web_console/extensions.rb:17)
  Rendered /Users/yamaneyusuke/.rbenv/versions/2.2.2/lib/ruby/gems/2.2.0/gems/web-console-3.0.0/lib/web_console/templates/_markup.html.erb (0.7ms)
  Rendered /Users/yamaneyusuke/.rbenv/versions/2.2.2/lib/ruby/gems/2.2.0/gems/web-console-3.0.0/lib/web_console/templates/_inner_console_markup.html.erb within layouts/inlined_string (0.4ms)
  Rendered /Users/yamaneyusuke/.rbenv/versions/2.2.2/lib/ruby/gems/2.2.0/gems/web-console-3.0.0/lib/web_console/templates/_prompt_box_markup.html.erb within layouts/inlined_string (0.3ms)
  Rendered /Users/yamaneyusuke/.rbenv/versions/2.2.2/lib/ruby/gems/2.2.0/gems/web-console-3.0.0/lib/web_console/templates/style.css.erb within layouts/inlined_string (1.6ms)
  Rendered /Users/yamaneyusuke/.rbenv/versions/2.2.2/lib/ruby/gems/2.2.0/gems/web-console-3.0.0/lib/web_console/templates/console.js.erb within layouts/javascript (104.9ms)
  Rendered /Users/yamaneyusuke/.rbenv/versions/2.2.2/lib/ruby/gems/2.2.0/gems/web-console-3.0.0/lib/web_console/templates/main.js.erb within layouts/javascript (0.5ms)
  Rendered /Users/yamaneyusuke/.rbenv/versions/2.2.2/lib/ruby/gems/2.2.0/gems/web-console-3.0.0/lib/web_console/templates/error_page.js.erb within layouts/javascript (0.4ms)
  Rendered /Users/yamaneyusuke/.rbenv/versions/2.2.2/lib/ruby/gems/2.2.0/gems/web-console-3.0.0/lib/web_console/templates/index.html.erb (261.6ms)
  Rendered /Users/yamaneyusuke/.rbenv/versions/2.2.2/lib/ruby/gems/2.2.0/gems/actionpack-5.0.0.beta1/lib/action_dispatch/middleware/templates/rescues/_source.html.erb (6.6ms)
  Rendered /Users/yamaneyusuke/.rbenv/versions/2.2.2/lib/ruby/gems/2.2.0/gems/actionpack-5.0.0.beta1/lib/action_dispatch/middleware/templates/rescues/_trace.html.erb (2.4ms)
  Rendered /Users/yamaneyusuke/.rbenv/versions/2.2.2/lib/ruby/gems/2.2.0/gems/actionpack-5.0.0.beta1/lib/action_dispatch/middleware/templates/rescues/_request_and_response.html.erb (0.7ms)
  Rendered /Users/yamaneyusuke/.rbenv/versions/2.2.2/lib/ruby/gems/2.2.0/gems/actionpack-5.0.0.beta1/lib/action_dispatch/middleware/templates/rescues/template_error.html.erb within rescues/layout (88.0ms)
DEPRECATION WARNING: #original_exception is deprecated. Use #cause instead. (called from block in render_exception_with_web_console at /Users/yamaneyusuke/.rbenv/versions/2.2.2/lib/ruby/gems/2.2.0/gems/web-console-3.0.0/lib/web_console/extensions.rb:17)
  Rendered /Users/yamaneyusuke/.rbenv/versions/2.2.2/lib/ruby/gems/2.2.0/gems/web-console-3.0.0/lib/web_console/templates/_markup.html.erb (0.5ms)
  Rendered /Users/yamaneyusuke/.rbenv/versions/2.2.2/lib/ruby/gems/2.2.0/gems/web-console-3.0.0/lib/web_console/templates/_inner_console_markup.html.erb within layouts/inlined_string (0.4ms)
  Rendered /Users/yamaneyusuke/.rbenv/versions/2.2.2/lib/ruby/gems/2.2.0/gems/web-console-3.0.0/lib/web_console/templates/_prompt_box_markup.html.erb within layouts/inlined_string (0.3ms)
  Rendered /Users/yamaneyusuke/.rbenv/versions/2.2.2/lib/ruby/gems/2.2.0/gems/web-console-3.0.0/lib/web_console/templates/style.css.erb within layouts/inlined_string (0.3ms)
  Rendered /Users/yamaneyusuke/.rbenv/versions/2.2.2/lib/ruby/gems/2.2.0/gems/web-console-3.0.0/lib/web_console/templates/console.js.erb within layouts/javascript (94.3ms)
  Rendered /Users/yamaneyusuke/.rbenv/versions/2.2.2/lib/ruby/gems/2.2.0/gems/web-console-3.0.0/lib/web_console/templates/main.js.erb within layouts/javascript (0.3ms)
  Rendered /Users/yamaneyusuke/.rbenv/versions/2.2.2/lib/ruby/gems/2.2.0/gems/web-console-3.0.0/lib/web_console/templates/error_page.js.erb within layouts/javascript (0.5ms)
  Rendered /Users/yamaneyusuke/.rbenv/versions/2.2.2/lib/ruby/gems/2.2.0/gems/web-console-3.0.0/lib/web_console/templates/index.html.erb (184.8ms)


Started GET "/" for 127.0.0.1 at 2016-01-10 16:42:31 +0900
Processing by RoomsController#show as HTML
  [1m[36mMessage Load (0.7ms)[0m  [1m[34mSELECT `messages`.* FROM `messages`[0m
  Rendered rooms/show.html.erb within layouts/application (19.3ms)
Completed 500 Internal Server Error in 32ms (ActiveRecord: 0.7ms)

ActionView::Template::Error (Missing partial messages/_message with {:locale=>[:en], :formats=>[:html], :variants=>[], :handlers=>[:raw, :erb, :builder, :ruby, :coffee, :jbuilder]}. Searched in:
  * "/Users/yamaneyusuke/projects/campfire/app/views"
):
    1: <h1>Chat room</h1>
    2: 
    3: <div id="messages">
    4:   <%= render @messages %>
    5: </div>
  app/views/rooms/show.html.erb:4:in `_app_views_rooms_show_html_erb___1902495511455075439_70279486516980'


  Rendered /Users/yamaneyusuke/.rbenv/versions/2.2.2/lib/ruby/gems/2.2.0/gems/actionpack-5.0.0.beta1/lib/action_dispatch/middleware/templates/rescues/_source.html.erb (6.0ms)
  Rendered /Users/yamaneyusuke/.rbenv/versions/2.2.2/lib/ruby/gems/2.2.0/gems/actionpack-5.0.0.beta1/lib/action_dispatch/middleware/templates/rescues/_trace.html.erb (2.8ms)
  Rendered /Users/yamaneyusuke/.rbenv/versions/2.2.2/lib/ruby/gems/2.2.0/gems/actionpack-5.0.0.beta1/lib/action_dispatch/middleware/templates/rescues/_request_and_response.html.erb (0.9ms)
  Rendered /Users/yamaneyusuke/.rbenv/versions/2.2.2/lib/ruby/gems/2.2.0/gems/actionpack-5.0.0.beta1/lib/action_dispatch/middleware/templates/rescues/template_error.html.erb within rescues/layout (69.7ms)
DEPRECATION WARNING: #original_exception is deprecated. Use #cause instead. (called from block in render_exception_with_web_console at /Users/yamaneyusuke/.rbenv/versions/2.2.2/lib/ruby/gems/2.2.0/gems/web-console-3.0.0/lib/web_console/extensions.rb:17)
  Rendered /Users/yamaneyusuke/.rbenv/versions/2.2.2/lib/ruby/gems/2.2.0/gems/web-console-3.0.0/lib/web_console/templates/_markup.html.erb (0.4ms)
  Rendered /Users/yamaneyusuke/.rbenv/versions/2.2.2/lib/ruby/gems/2.2.0/gems/web-console-3.0.0/lib/web_console/templates/_inner_console_markup.html.erb within layouts/inlined_string (0.5ms)
  Rendered /Users/yamaneyusuke/.rbenv/versions/2.2.2/lib/ruby/gems/2.2.0/gems/web-console-3.0.0/lib/web_console/templates/_prompt_box_markup.html.erb within layouts/inlined_string (0.3ms)
  Rendered /Users/yamaneyusuke/.rbenv/versions/2.2.2/lib/ruby/gems/2.2.0/gems/web-console-3.0.0/lib/web_console/templates/style.css.erb within layouts/inlined_string (0.5ms)
  Rendered /Users/yamaneyusuke/.rbenv/versions/2.2.2/lib/ruby/gems/2.2.0/gems/web-console-3.0.0/lib/web_console/templates/console.js.erb within layouts/javascript (61.3ms)
  Rendered /Users/yamaneyusuke/.rbenv/versions/2.2.2/lib/ruby/gems/2.2.0/gems/web-console-3.0.0/lib/web_console/templates/main.js.erb within layouts/javascript (0.3ms)
  Rendered /Users/yamaneyusuke/.rbenv/versions/2.2.2/lib/ruby/gems/2.2.0/gems/web-console-3.0.0/lib/web_console/templates/error_page.js.erb within layouts/javascript (0.5ms)
  Rendered /Users/yamaneyusuke/.rbenv/versions/2.2.2/lib/ruby/gems/2.2.0/gems/web-console-3.0.0/lib/web_console/templates/index.html.erb (131.4ms)


Started GET "/" for 127.0.0.1 at 2016-01-10 16:45:59 +0900
Processing by RoomsController#show as HTML
  Rendered rooms/show.html.erb within layouts/application (0.9ms)
Completed 500 Internal Server Error in 7ms (ActiveRecord: 0.0ms)

SyntaxError (/Users/yamaneyusuke/projects/campfire/app/views/rooms/show.html.erb:4: syntax error, unexpected tIDENTIFIER, expecting ')'
...nder 'rooms/message' collection: @messages );@output_buffer....
...                               ^):
  app/views/rooms/show.html.erb:4: syntax error, unexpected tIDENTIFIER, expecting ')'


  Rendered /Users/yamaneyusuke/.rbenv/versions/2.2.2/lib/ruby/gems/2.2.0/gems/actionpack-5.0.0.beta1/lib/action_dispatch/middleware/templates/rescues/_source.html.erb (9.0ms)
  Rendered /Users/yamaneyusuke/.rbenv/versions/2.2.2/lib/ruby/gems/2.2.0/gems/actionpack-5.0.0.beta1/lib/action_dispatch/middleware/templates/rescues/_trace.html.erb (4.0ms)
  Rendered /Users/yamaneyusuke/.rbenv/versions/2.2.2/lib/ruby/gems/2.2.0/gems/actionpack-5.0.0.beta1/lib/action_dispatch/middleware/templates/rescues/_request_and_response.html.erb (0.7ms)
  Rendered /Users/yamaneyusuke/.rbenv/versions/2.2.2/lib/ruby/gems/2.2.0/gems/actionpack-5.0.0.beta1/lib/action_dispatch/middleware/templates/rescues/diagnostics.html.erb within rescues/layout (77.8ms)
  Rendered /Users/yamaneyusuke/.rbenv/versions/2.2.2/lib/ruby/gems/2.2.0/gems/web-console-3.0.0/lib/web_console/templates/_markup.html.erb (0.5ms)
  Rendered /Users/yamaneyusuke/.rbenv/versions/2.2.2/lib/ruby/gems/2.2.0/gems/web-console-3.0.0/lib/web_console/templates/_inner_console_markup.html.erb within layouts/inlined_string (0.3ms)
  Rendered /Users/yamaneyusuke/.rbenv/versions/2.2.2/lib/ruby/gems/2.2.0/gems/web-console-3.0.0/lib/web_console/templates/_prompt_box_markup.html.erb within layouts/inlined_string (0.4ms)
  Rendered /Users/yamaneyusuke/.rbenv/versions/2.2.2/lib/ruby/gems/2.2.0/gems/web-console-3.0.0/lib/web_console/templates/style.css.erb within layouts/inlined_string (0.4ms)
  Rendered /Users/yamaneyusuke/.rbenv/versions/2.2.2/lib/ruby/gems/2.2.0/gems/web-console-3.0.0/lib/web_console/templates/console.js.erb within layouts/javascript (61.1ms)
  Rendered /Users/yamaneyusuke/.rbenv/versions/2.2.2/lib/ruby/gems/2.2.0/gems/web-console-3.0.0/lib/web_console/templates/main.js.erb within layouts/javascript (0.4ms)
  Rendered /Users/yamaneyusuke/.rbenv/versions/2.2.2/lib/ruby/gems/2.2.0/gems/web-console-3.0.0/lib/web_console/templates/error_page.js.erb within layouts/javascript (0.4ms)
  Rendered /Users/yamaneyusuke/.rbenv/versions/2.2.2/lib/ruby/gems/2.2.0/gems/web-console-3.0.0/lib/web_console/templates/index.html.erb (136.0ms)


Started GET "/" for 127.0.0.1 at 2016-01-10 16:46:09 +0900
Processing by RoomsController#show as HTML
  [1m[36mMessage Load (0.3ms)[0m  [1m[34mSELECT `messages`.* FROM `messages`[0m
  Rendered rooms/_message.html.erb (20.0ms)
  Rendered rooms/show.html.erb within layouts/application (21.4ms)
Completed 500 Internal Server Error in 26ms (ActiveRecord: 0.3ms)

ActionView::Template::Error (undefined local variable or method `message' for #<#<Class:0x007fd66fa85078>:0x007fd66adb7818>):
    1: <div class="message">
    2:   <p><%= message.content %></p>
    3: </div>
  app/views/rooms/_message.html.erb:2:in `_app_views_rooms__message_html_erb___2673456123411888223_70279446198240'
  app/views/rooms/show.html.erb:4:in `_app_views_rooms_show_html_erb___1902495511455075439_70279446261740'


  Rendered /Users/yamaneyusuke/.rbenv/versions/2.2.2/lib/ruby/gems/2.2.0/gems/actionpack-5.0.0.beta1/lib/action_dispatch/middleware/templates/rescues/_source.html.erb (10.7ms)
  Rendered /Users/yamaneyusuke/.rbenv/versions/2.2.2/lib/ruby/gems/2.2.0/gems/actionpack-5.0.0.beta1/lib/action_dispatch/middleware/templates/rescues/_trace.html.erb (2.4ms)
  Rendered /Users/yamaneyusuke/.rbenv/versions/2.2.2/lib/ruby/gems/2.2.0/gems/actionpack-5.0.0.beta1/lib/action_dispatch/middleware/templates/rescues/_request_and_response.html.erb (0.8ms)
  Rendered /Users/yamaneyusuke/.rbenv/versions/2.2.2/lib/ruby/gems/2.2.0/gems/actionpack-5.0.0.beta1/lib/action_dispatch/middleware/templates/rescues/template_error.html.erb within rescues/layout (76.1ms)
DEPRECATION WARNING: #original_exception is deprecated. Use #cause instead. (called from block in render_exception_with_web_console at /Users/yamaneyusuke/.rbenv/versions/2.2.2/lib/ruby/gems/2.2.0/gems/web-console-3.0.0/lib/web_console/extensions.rb:17)
  Rendered /Users/yamaneyusuke/.rbenv/versions/2.2.2/lib/ruby/gems/2.2.0/gems/web-console-3.0.0/lib/web_console/templates/_markup.html.erb (0.4ms)
  Rendered /Users/yamaneyusuke/.rbenv/versions/2.2.2/lib/ruby/gems/2.2.0/gems/web-console-3.0.0/lib/web_console/templates/_inner_console_markup.html.erb within layouts/inlined_string (0.3ms)
  Rendered /Users/yamaneyusuke/.rbenv/versions/2.2.2/lib/ruby/gems/2.2.0/gems/web-console-3.0.0/lib/web_console/templates/_prompt_box_markup.html.erb within layouts/inlined_string (0.3ms)
  Rendered /Users/yamaneyusuke/.rbenv/versions/2.2.2/lib/ruby/gems/2.2.0/gems/web-console-3.0.0/lib/web_console/templates/style.css.erb within layouts/inlined_string (0.5ms)
  Rendered /Users/yamaneyusuke/.rbenv/versions/2.2.2/lib/ruby/gems/2.2.0/gems/web-console-3.0.0/lib/web_console/templates/console.js.erb within layouts/javascript (58.4ms)
  Rendered /Users/yamaneyusuke/.rbenv/versions/2.2.2/lib/ruby/gems/2.2.0/gems/web-console-3.0.0/lib/web_console/templates/main.js.erb within layouts/javascript (0.3ms)
  Rendered /Users/yamaneyusuke/.rbenv/versions/2.2.2/lib/ruby/gems/2.2.0/gems/web-console-3.0.0/lib/web_console/templates/error_page.js.erb within layouts/javascript (0.7ms)
  Rendered /Users/yamaneyusuke/.rbenv/versions/2.2.2/lib/ruby/gems/2.2.0/gems/web-console-3.0.0/lib/web_console/templates/index.html.erb (131.0ms)


Started GET "/" for 127.0.0.1 at 2016-01-10 16:46:43 +0900
Processing by RoomsController#show as HTML
  [1m[36mMessage Load (0.3ms)[0m  [1m[34mSELECT `messages`.* FROM `messages`[0m
  Rendered rooms/_message.html.erb (11.2ms)
  Rendered rooms/show.html.erb within layouts/application (12.5ms)
Completed 500 Internal Server Error in 17ms (ActiveRecord: 0.3ms)

ActionView::Template::Error (undefined local variable or method `message' for #<#<Class:0x007fd66fa85078>:0x007fd66f399700>):
    1: <div class="message">
    2:   <p><%= message.content %></p>
    3: </div>
  app/views/rooms/_message.html.erb:2:in `_app_views_rooms__message_html_erb___2673456123411888223_70279446198240'
  app/views/rooms/show.html.erb:4:in `_app_views_rooms_show_html_erb___1902495511455075439_70279482888300'


  Rendered /Users/yamaneyusuke/.rbenv/versions/2.2.2/lib/ruby/gems/2.2.0/gems/actionpack-5.0.0.beta1/lib/action_dispatch/middleware/templates/rescues/_source.html.erb (6.1ms)
  Rendered /Users/yamaneyusuke/.rbenv/versions/2.2.2/lib/ruby/gems/2.2.0/gems/actionpack-5.0.0.beta1/lib/action_dispatch/middleware/templates/rescues/_trace.html.erb (2.3ms)
  Rendered /Users/yamaneyusuke/.rbenv/versions/2.2.2/lib/ruby/gems/2.2.0/gems/actionpack-5.0.0.beta1/lib/action_dispatch/middleware/templates/rescues/_request_and_response.html.erb (0.9ms)
  Rendered /Users/yamaneyusuke/.rbenv/versions/2.2.2/lib/ruby/gems/2.2.0/gems/actionpack-5.0.0.beta1/lib/action_dispatch/middleware/templates/rescues/template_error.html.erb within rescues/layout (66.2ms)
DEPRECATION WARNING: #original_exception is deprecated. Use #cause instead. (called from block in render_exception_with_web_console at /Users/yamaneyusuke/.rbenv/versions/2.2.2/lib/ruby/gems/2.2.0/gems/web-console-3.0.0/lib/web_console/extensions.rb:17)
  Rendered /Users/yamaneyusuke/.rbenv/versions/2.2.2/lib/ruby/gems/2.2.0/gems/web-console-3.0.0/lib/web_console/templates/_markup.html.erb (0.4ms)
  Rendered /Users/yamaneyusuke/.rbenv/versions/2.2.2/lib/ruby/gems/2.2.0/gems/web-console-3.0.0/lib/web_console/templates/_inner_console_markup.html.erb within layouts/inlined_string (0.3ms)
  Rendered /Users/yamaneyusuke/.rbenv/versions/2.2.2/lib/ruby/gems/2.2.0/gems/web-console-3.0.0/lib/web_console/templates/_prompt_box_markup.html.erb within layouts/inlined_string (0.3ms)
  Rendered /Users/yamaneyusuke/.rbenv/versions/2.2.2/lib/ruby/gems/2.2.0/gems/web-console-3.0.0/lib/web_console/templates/style.css.erb within layouts/inlined_string (0.3ms)
  Rendered /Users/yamaneyusuke/.rbenv/versions/2.2.2/lib/ruby/gems/2.2.0/gems/web-console-3.0.0/lib/web_console/templates/console.js.erb within layouts/javascript (57.7ms)
  Rendered /Users/yamaneyusuke/.rbenv/versions/2.2.2/lib/ruby/gems/2.2.0/gems/web-console-3.0.0/lib/web_console/templates/main.js.erb within layouts/javascript (0.3ms)
  Rendered /Users/yamaneyusuke/.rbenv/versions/2.2.2/lib/ruby/gems/2.2.0/gems/web-console-3.0.0/lib/web_console/templates/error_page.js.erb within layouts/javascript (0.4ms)
  Rendered /Users/yamaneyusuke/.rbenv/versions/2.2.2/lib/ruby/gems/2.2.0/gems/web-console-3.0.0/lib/web_console/templates/index.html.erb (129.4ms)


Started GET "/" for 127.0.0.1 at 2016-01-10 16:52:11 +0900
Processing by RoomsController#show as HTML
  [1m[36mMessage Load (0.3ms)[0m  [1m[34mSELECT `messages`.* FROM `messages`[0m
  Rendered rooms/_message.html.erb (15.0ms)
  Rendered rooms/show.html.erb within layouts/application (16.2ms)
Completed 500 Internal Server Error in 22ms (ActiveRecord: 0.3ms)

ActionView::Template::Error (undefined local variable or method `message' for #<#<Class:0x007fd66fa85078>:0x007fd66f8426d0>):
    1: <div class="message">
    2:   <p><%= message.content %></p>
    3: </div>
  app/views/rooms/_message.html.erb:2:in `_app_views_rooms__message_html_erb___2673456123411888223_70279485311720'
  app/views/rooms/show.html.erb:4:in `_app_views_rooms_show_html_erb___1902495511455075439_70279482888300'


  Rendered /Users/yamaneyusuke/.rbenv/versions/2.2.2/lib/ruby/gems/2.2.0/gems/actionpack-5.0.0.beta1/lib/action_dispatch/middleware/templates/rescues/_source.html.erb (7.0ms)
  Rendered /Users/yamaneyusuke/.rbenv/versions/2.2.2/lib/ruby/gems/2.2.0/gems/actionpack-5.0.0.beta1/lib/action_dispatch/middleware/templates/rescues/_trace.html.erb (2.7ms)
  Rendered /Users/yamaneyusuke/.rbenv/versions/2.2.2/lib/ruby/gems/2.2.0/gems/actionpack-5.0.0.beta1/lib/action_dispatch/middleware/templates/rescues/_request_and_response.html.erb (0.8ms)
  Rendered /Users/yamaneyusuke/.rbenv/versions/2.2.2/lib/ruby/gems/2.2.0/gems/actionpack-5.0.0.beta1/lib/action_dispatch/middleware/templates/rescues/template_error.html.erb within rescues/layout (70.5ms)
DEPRECATION WARNING: #original_exception is deprecated. Use #cause instead. (called from block in render_exception_with_web_console at /Users/yamaneyusuke/.rbenv/versions/2.2.2/lib/ruby/gems/2.2.0/gems/web-console-3.0.0/lib/web_console/extensions.rb:17)
  Rendered /Users/yamaneyusuke/.rbenv/versions/2.2.2/lib/ruby/gems/2.2.0/gems/web-console-3.0.0/lib/web_console/templates/_markup.html.erb (0.6ms)
  Rendered /Users/yamaneyusuke/.rbenv/versions/2.2.2/lib/ruby/gems/2.2.0/gems/web-console-3.0.0/lib/web_console/templates/_inner_console_markup.html.erb within layouts/inlined_string (0.3ms)
  Rendered /Users/yamaneyusuke/.rbenv/versions/2.2.2/lib/ruby/gems/2.2.0/gems/web-console-3.0.0/lib/web_console/templates/_prompt_box_markup.html.erb within layouts/inlined_string (0.3ms)
  Rendered /Users/yamaneyusuke/.rbenv/versions/2.2.2/lib/ruby/gems/2.2.0/gems/web-console-3.0.0/lib/web_console/templates/style.css.erb within layouts/inlined_string (0.5ms)
  Rendered /Users/yamaneyusuke/.rbenv/versions/2.2.2/lib/ruby/gems/2.2.0/gems/web-console-3.0.0/lib/web_console/templates/console.js.erb within layouts/javascript (60.4ms)
  Rendered /Users/yamaneyusuke/.rbenv/versions/2.2.2/lib/ruby/gems/2.2.0/gems/web-console-3.0.0/lib/web_console/templates/main.js.erb within layouts/javascript (0.3ms)
  Rendered /Users/yamaneyusuke/.rbenv/versions/2.2.2/lib/ruby/gems/2.2.0/gems/web-console-3.0.0/lib/web_console/templates/error_page.js.erb within layouts/javascript (0.5ms)
  Rendered /Users/yamaneyusuke/.rbenv/versions/2.2.2/lib/ruby/gems/2.2.0/gems/web-console-3.0.0/lib/web_console/templates/index.html.erb (135.9ms)


Started GET "/" for 127.0.0.1 at 2016-01-10 16:52:39 +0900
Processing by RoomsController#show as HTML
  [1m[36mMessage Load (0.7ms)[0m  [1m[34mSELECT `messages`.* FROM `messages`[0m
  Rendered rooms/_message.html.erb (12.0ms)
  Rendered rooms/show.html.erb within layouts/application (12.9ms)
Completed 500 Internal Server Error in 17ms (ActiveRecord: 0.7ms)

ActionView::Template::Error (undefined local variable or method `message' for #<#<Class:0x007fd66fa85078>:0x007fd66be3b130>):
    1: <div class="message">
    2:   bidinding.pry
    3:   <p><%= message.content %></p>
    4: </div>
  app/views/rooms/_message.html.erb:3:in `_app_views_rooms__message_html_erb___2673456123411888223_70279454869520'
  app/views/rooms/show.html.erb:4:in `_app_views_rooms_show_html_erb___1902495511455075439_70279482888300'


  Rendered /Users/yamaneyusuke/.rbenv/versions/2.2.2/lib/ruby/gems/2.2.0/gems/actionpack-5.0.0.beta1/lib/action_dispatch/middleware/templates/rescues/_source.html.erb (11.8ms)
  Rendered /Users/yamaneyusuke/.rbenv/versions/2.2.2/lib/ruby/gems/2.2.0/gems/actionpack-5.0.0.beta1/lib/action_dispatch/middleware/templates/rescues/_trace.html.erb (2.5ms)
  Rendered /Users/yamaneyusuke/.rbenv/versions/2.2.2/lib/ruby/gems/2.2.0/gems/actionpack-5.0.0.beta1/lib/action_dispatch/middleware/templates/rescues/_request_and_response.html.erb (1.4ms)
  Rendered /Users/yamaneyusuke/.rbenv/versions/2.2.2/lib/ruby/gems/2.2.0/gems/actionpack-5.0.0.beta1/lib/action_dispatch/middleware/templates/rescues/template_error.html.erb within rescues/layout (76.5ms)
DEPRECATION WARNING: #original_exception is deprecated. Use #cause instead. (called from block in render_exception_with_web_console at /Users/yamaneyusuke/.rbenv/versions/2.2.2/lib/ruby/gems/2.2.0/gems/web-console-3.0.0/lib/web_console/extensions.rb:17)
  Rendered /Users/yamaneyusuke/.rbenv/versions/2.2.2/lib/ruby/gems/2.2.0/gems/web-console-3.0.0/lib/web_console/templates/_markup.html.erb (0.5ms)
  Rendered /Users/yamaneyusuke/.rbenv/versions/2.2.2/lib/ruby/gems/2.2.0/gems/web-console-3.0.0/lib/web_console/templates/_inner_console_markup.html.erb within layouts/inlined_string (0.3ms)
  Rendered /Users/yamaneyusuke/.rbenv/versions/2.2.2/lib/ruby/gems/2.2.0/gems/web-console-3.0.0/lib/web_console/templates/_prompt_box_markup.html.erb within layouts/inlined_string (0.3ms)
  Rendered /Users/yamaneyusuke/.rbenv/versions/2.2.2/lib/ruby/gems/2.2.0/gems/web-console-3.0.0/lib/web_console/templates/style.css.erb within layouts/inlined_string (0.8ms)
  Rendered /Users/yamaneyusuke/.rbenv/versions/2.2.2/lib/ruby/gems/2.2.0/gems/web-console-3.0.0/lib/web_console/templates/console.js.erb within layouts/javascript (61.3ms)
  Rendered /Users/yamaneyusuke/.rbenv/versions/2.2.2/lib/ruby/gems/2.2.0/gems/web-console-3.0.0/lib/web_console/templates/main.js.erb within layouts/javascript (0.3ms)
  Rendered /Users/yamaneyusuke/.rbenv/versions/2.2.2/lib/ruby/gems/2.2.0/gems/web-console-3.0.0/lib/web_console/templates/error_page.js.erb within layouts/javascript (0.4ms)
  Rendered /Users/yamaneyusuke/.rbenv/versions/2.2.2/lib/ruby/gems/2.2.0/gems/web-console-3.0.0/lib/web_console/templates/index.html.erb (146.4ms)


Started GET "/" for 127.0.0.1 at 2016-01-10 16:52:58 +0900
Processing by RoomsController#show as HTML
  [1m[36mMessage Load (0.3ms)[0m  [1m[34mSELECT `messages`.* FROM `messages`[0m
  Rendered rooms/_message.html.erb (12.6ms)
  Rendered rooms/show.html.erb within layouts/application (13.5ms)
Completed 500 Internal Server Error in 18ms (ActiveRecord: 0.3ms)

ActionView::Template::Error (undefined local variable or method `bidinding' for #<#<Class:0x007fd66fa85078>:0x007fd66fa46238>):
    1: <div class="message">
    2:   <% bidinding.pry %>
    3:   <p><%= message.content %></p>
    4: </div>
  app/views/rooms/_message.html.erb:2:in `_app_views_rooms__message_html_erb___2673456123411888223_70279482852920'
  app/views/rooms/show.html.erb:4:in `_app_views_rooms_show_html_erb___1902495511455075439_70279482888300'


  Rendered /Users/yamaneyusuke/.rbenv/versions/2.2.2/lib/ruby/gems/2.2.0/gems/actionpack-5.0.0.beta1/lib/action_dispatch/middleware/templates/rescues/_source.html.erb (7.7ms)
  Rendered /Users/yamaneyusuke/.rbenv/versions/2.2.2/lib/ruby/gems/2.2.0/gems/actionpack-5.0.0.beta1/lib/action_dispatch/middleware/templates/rescues/_trace.html.erb (2.4ms)
  Rendered /Users/yamaneyusuke/.rbenv/versions/2.2.2/lib/ruby/gems/2.2.0/gems/actionpack-5.0.0.beta1/lib/action_dispatch/middleware/templates/rescues/_request_and_response.html.erb (1.9ms)
  Rendered /Users/yamaneyusuke/.rbenv/versions/2.2.2/lib/ruby/gems/2.2.0/gems/actionpack-5.0.0.beta1/lib/action_dispatch/middleware/templates/rescues/template_error.html.erb within rescues/layout (77.6ms)
DEPRECATION WARNING: #original_exception is deprecated. Use #cause instead. (called from block in render_exception_with_web_console at /Users/yamaneyusuke/.rbenv/versions/2.2.2/lib/ruby/gems/2.2.0/gems/web-console-3.0.0/lib/web_console/extensions.rb:17)
  Rendered /Users/yamaneyusuke/.rbenv/versions/2.2.2/lib/ruby/gems/2.2.0/gems/web-console-3.0.0/lib/web_console/templates/_markup.html.erb (0.6ms)
  Rendered /Users/yamaneyusuke/.rbenv/versions/2.2.2/lib/ruby/gems/2.2.0/gems/web-console-3.0.0/lib/web_console/templates/_inner_console_markup.html.erb within layouts/inlined_string (0.5ms)
  Rendered /Users/yamaneyusuke/.rbenv/versions/2.2.2/lib/ruby/gems/2.2.0/gems/web-console-3.0.0/lib/web_console/templates/_prompt_box_markup.html.erb within layouts/inlined_string (0.4ms)
  Rendered /Users/yamaneyusuke/.rbenv/versions/2.2.2/lib/ruby/gems/2.2.0/gems/web-console-3.0.0/lib/web_console/templates/style.css.erb within layouts/inlined_string (0.3ms)
  Rendered /Users/yamaneyusuke/.rbenv/versions/2.2.2/lib/ruby/gems/2.2.0/gems/web-console-3.0.0/lib/web_console/templates/console.js.erb within layouts/javascript (63.3ms)
  Rendered /Users/yamaneyusuke/.rbenv/versions/2.2.2/lib/ruby/gems/2.2.0/gems/web-console-3.0.0/lib/web_console/templates/main.js.erb within layouts/javascript (0.4ms)
  Rendered /Users/yamaneyusuke/.rbenv/versions/2.2.2/lib/ruby/gems/2.2.0/gems/web-console-3.0.0/lib/web_console/templates/error_page.js.erb within layouts/javascript (0.4ms)
  Rendered /Users/yamaneyusuke/.rbenv/versions/2.2.2/lib/ruby/gems/2.2.0/gems/web-console-3.0.0/lib/web_console/templates/index.html.erb (147.0ms)


Started GET "/" for 127.0.0.1 at 2016-01-10 16:53:10 +0900
Processing by RoomsController#show as HTML
  [1m[36mMessage Load (0.3ms)[0m  [1m[34mSELECT `messages`.* FROM `messages`[0m
  Rendered rooms/_message.html.erb (9.2ms)
  Rendered rooms/show.html.erb within layouts/application (10.2ms)
Completed 500 Internal Server Error in 16ms (ActiveRecord: 0.3ms)

ActionView::Template::Error (undefined local variable or method `message' for #<#<Class:0x007fd66fa85078>:0x007fd66f80b248>):
    1: <div class="message">
    2:   <p><%= message.content %></p>
    3: </div>
  app/views/rooms/_message.html.erb:2:in `_app_views_rooms__message_html_erb___2673456123411888223_70279485201540'
  app/views/rooms/show.html.erb:4:in `_app_views_rooms_show_html_erb___1902495511455075439_70279482888300'


  Rendered /Users/yamaneyusuke/.rbenv/versions/2.2.2/lib/ruby/gems/2.2.0/gems/actionpack-5.0.0.beta1/lib/action_dispatch/middleware/templates/rescues/_source.html.erb (6.4ms)
  Rendered /Users/yamaneyusuke/.rbenv/versions/2.2.2/lib/ruby/gems/2.2.0/gems/actionpack-5.0.0.beta1/lib/action_dispatch/middleware/templates/rescues/_trace.html.erb (2.6ms)
  Rendered /Users/yamaneyusuke/.rbenv/versions/2.2.2/lib/ruby/gems/2.2.0/gems/actionpack-5.0.0.beta1/lib/action_dispatch/middleware/templates/rescues/_request_and_response.html.erb (0.8ms)
  Rendered /Users/yamaneyusuke/.rbenv/versions/2.2.2/lib/ruby/gems/2.2.0/gems/actionpack-5.0.0.beta1/lib/action_dispatch/middleware/templates/rescues/template_error.html.erb within rescues/layout (71.1ms)
DEPRECATION WARNING: #original_exception is deprecated. Use #cause instead. (called from block in render_exception_with_web_console at /Users/yamaneyusuke/.rbenv/versions/2.2.2/lib/ruby/gems/2.2.0/gems/web-console-3.0.0/lib/web_console/extensions.rb:17)
  Rendered /Users/yamaneyusuke/.rbenv/versions/2.2.2/lib/ruby/gems/2.2.0/gems/web-console-3.0.0/lib/web_console/templates/_markup.html.erb (0.4ms)
  Rendered /Users/yamaneyusuke/.rbenv/versions/2.2.2/lib/ruby/gems/2.2.0/gems/web-console-3.0.0/lib/web_console/templates/_inner_console_markup.html.erb within layouts/inlined_string (0.4ms)
  Rendered /Users/yamaneyusuke/.rbenv/versions/2.2.2/lib/ruby/gems/2.2.0/gems/web-console-3.0.0/lib/web_console/templates/_prompt_box_markup.html.erb within layouts/inlined_string (0.4ms)
  Rendered /Users/yamaneyusuke/.rbenv/versions/2.2.2/lib/ruby/gems/2.2.0/gems/web-console-3.0.0/lib/web_console/templates/style.css.erb within layouts/inlined_string (0.3ms)
  Rendered /Users/yamaneyusuke/.rbenv/versions/2.2.2/lib/ruby/gems/2.2.0/gems/web-console-3.0.0/lib/web_console/templates/console.js.erb within layouts/javascript (62.1ms)
  Rendered /Users/yamaneyusuke/.rbenv/versions/2.2.2/lib/ruby/gems/2.2.0/gems/web-console-3.0.0/lib/web_console/templates/main.js.erb within layouts/javascript (0.3ms)
  Rendered /Users/yamaneyusuke/.rbenv/versions/2.2.2/lib/ruby/gems/2.2.0/gems/web-console-3.0.0/lib/web_console/templates/error_page.js.erb within layouts/javascript (0.4ms)
  Rendered /Users/yamaneyusuke/.rbenv/versions/2.2.2/lib/ruby/gems/2.2.0/gems/web-console-3.0.0/lib/web_console/templates/index.html.erb (141.8ms)


Started PUT "/__web_console/repl_sessions/0c16f0052c9bd47f0411f4f5fd5d7a01" for 127.0.0.1 at 2016-01-10 16:57:54 +0900


Started PUT "/__web_console/repl_sessions/0c16f0052c9bd47f0411f4f5fd5d7a01" for 127.0.0.1 at 2016-01-10 16:58:06 +0900


Started PUT "/__web_console/repl_sessions/0c16f0052c9bd47f0411f4f5fd5d7a01" for 127.0.0.1 at 2016-01-10 16:58:12 +0900


Started PUT "/__web_console/repl_sessions/0c16f0052c9bd47f0411f4f5fd5d7a01" for 127.0.0.1 at 2016-01-10 16:58:14 +0900


Started PUT "/__web_console/repl_sessions/0c16f0052c9bd47f0411f4f5fd5d7a01" for 127.0.0.1 at 2016-01-10 16:58:21 +0900


Started PUT "/__web_console/repl_sessions/0c16f0052c9bd47f0411f4f5fd5d7a01" for 127.0.0.1 at 2016-01-10 16:58:31 +0900


Started GET "/" for 127.0.0.1 at 2016-01-10 17:04:24 +0900
Processing by RoomsController#show as HTML
  [1m[36mMessage Load (0.4ms)[0m  [1m[34mSELECT `messages`.* FROM `messages`[0m
  Rendered rooms/show.html.erb within layouts/application (16.2ms)
Completed 500 Internal Server Error in 22ms (ActiveRecord: 0.4ms)

ActionView::Template::Error (undefined local variable or method `message' for #<#<Class:0x007fd66fa85078>:0x007fd66aabda40>):
    1: <h1>Chat room</h1>
    2: 
    3: <div id="messages">
    4:   <%= render 'rooms/message', locals: { message: message } %>
    5: </div>
  app/views/rooms/show.html.erb:4:in `_app_views_rooms_show_html_erb___1902495511455075439_70279444692780'


  Rendered /Users/yamaneyusuke/.rbenv/versions/2.2.2/lib/ruby/gems/2.2.0/gems/actionpack-5.0.0.beta1/lib/action_dispatch/middleware/templates/rescues/_source.html.erb (10.7ms)
  Rendered /Users/yamaneyusuke/.rbenv/versions/2.2.2/lib/ruby/gems/2.2.0/gems/actionpack-5.0.0.beta1/lib/action_dispatch/middleware/templates/rescues/_trace.html.erb (2.5ms)
  Rendered /Users/yamaneyusuke/.rbenv/versions/2.2.2/lib/ruby/gems/2.2.0/gems/actionpack-5.0.0.beta1/lib/action_dispatch/middleware/templates/rescues/_request_and_response.html.erb (0.8ms)
  Rendered /Users/yamaneyusuke/.rbenv/versions/2.2.2/lib/ruby/gems/2.2.0/gems/actionpack-5.0.0.beta1/lib/action_dispatch/middleware/templates/rescues/template_error.html.erb within rescues/layout (74.1ms)
DEPRECATION WARNING: #original_exception is deprecated. Use #cause instead. (called from block in render_exception_with_web_console at /Users/yamaneyusuke/.rbenv/versions/2.2.2/lib/ruby/gems/2.2.0/gems/web-console-3.0.0/lib/web_console/extensions.rb:17)
  Rendered /Users/yamaneyusuke/.rbenv/versions/2.2.2/lib/ruby/gems/2.2.0/gems/web-console-3.0.0/lib/web_console/templates/_markup.html.erb (0.4ms)
  Rendered /Users/yamaneyusuke/.rbenv/versions/2.2.2/lib/ruby/gems/2.2.0/gems/web-console-3.0.0/lib/web_console/templates/_inner_console_markup.html.erb within layouts/inlined_string (0.3ms)
  Rendered /Users/yamaneyusuke/.rbenv/versions/2.2.2/lib/ruby/gems/2.2.0/gems/web-console-3.0.0/lib/web_console/templates/_prompt_box_markup.html.erb within layouts/inlined_string (0.3ms)
  Rendered /Users/yamaneyusuke/.rbenv/versions/2.2.2/lib/ruby/gems/2.2.0/gems/web-console-3.0.0/lib/web_console/templates/style.css.erb within layouts/inlined_string (0.5ms)
  Rendered /Users/yamaneyusuke/.rbenv/versions/2.2.2/lib/ruby/gems/2.2.0/gems/web-console-3.0.0/lib/web_console/templates/console.js.erb within layouts/javascript (56.0ms)
  Rendered /Users/yamaneyusuke/.rbenv/versions/2.2.2/lib/ruby/gems/2.2.0/gems/web-console-3.0.0/lib/web_console/templates/main.js.erb within layouts/javascript (0.4ms)
  Rendered /Users/yamaneyusuke/.rbenv/versions/2.2.2/lib/ruby/gems/2.2.0/gems/web-console-3.0.0/lib/web_console/templates/error_page.js.erb within layouts/javascript (0.4ms)
  Rendered /Users/yamaneyusuke/.rbenv/versions/2.2.2/lib/ruby/gems/2.2.0/gems/web-console-3.0.0/lib/web_console/templates/index.html.erb (126.8ms)


Started GET "/" for 127.0.0.1 at 2016-01-10 17:05:09 +0900
Processing by RoomsController#show as HTML
  [1m[36mMessage Load (0.4ms)[0m  [1m[34mSELECT  `messages`.* FROM `messages` ORDER BY `messages`.`id` ASC LIMIT 1[0m
  Rendered rooms/_message.html.erb (2.7ms)
  Rendered rooms/show.html.erb within layouts/application (4.2ms)
Completed 200 OK in 2340ms (Views: 2337.3ms | ActiveRecord: 0.4ms)


Started GET "/assets/application.self-af04b226fd7202dfc532ce7aedb95a0128277937e90d3b3a3d35e1cce9e16886.css?body=1" for 127.0.0.1 at 2016-01-10 17:05:12 +0900


Started GET "/assets/jquery.self-a714331225dda820228db323939889f149aec0127aeb06255646b616ba1ca419.js?body=1" for 127.0.0.1 at 2016-01-10 17:05:12 +0900


Started GET "/assets/jquery_ujs.self-d456baa54c1fa6be2ec3711f0a72ddf7a5b2f34a6b4f515f33767d6207b7d4b3.js?body=1" for 127.0.0.1 at 2016-01-10 17:05:12 +0900





Started GET "/assets/rooms.self-b60acab5af8d245ed2b3012f77d11d8d207d8eada27756badaf4ef05770d60f6.css?body=1" for 127.0.0.1 at 2016-01-10 17:05:12 +0900

Started GET "/assets/action_cable.self-8fc7cfd5b796d0299c89a57dbf5b046051f42ce410f160fd7f1e677c8dc07def.js?body=1" for 127.0.0.1 at 2016-01-10 17:05:12 +0900
Started GET "/assets/turbolinks.self-c37727e9bd6b2735da5c311aa83fead54ed0be6cc8bd9a65309e9c5abe2cbfff.js?body=1" for 127.0.0.1 at 2016-01-10 17:05:12 +0900







Started GET "/assets/action_cable/connection.self-03fd4ada852b2a22cfb5d4c9478b83189b7a32cae3c1385a4fb1cdf8b52ad169.js?body=1" for 127.0.0.1 at 2016-01-10 17:05:12 +0900

Started GET "/assets/action_cable/consumer.self-3424ad9f5e606f20e5e1f688b93f3d68db3ef18d1b646823d37c984e62b4b72e.js?body=1" for 127.0.0.1 at 2016-01-10 17:05:12 +0900

Started GET "/assets/action_cable/subscription.self-63bb8fcaf3e18e3bb4b849c831819921afe52d3e48e77f3c0d2d50fdf43a9b0c.js?body=1" for 127.0.0.1 at 2016-01-10 17:05:12 +0900


Started GET "/assets/action_cable/connection_monitor.self-96ccf8cd7b05d478ea0ab7cd14ef5fdfd0041d1c71c0aab83388a89f2738de76.js?body=1" for 127.0.0.1 at 2016-01-10 17:05:12 +0900

Started GET "/assets/action_cable/subscriptions.self-170b7f9892e046ad9db79d6214bd916e001995616586ed9521b4b1d68ad91edb.js?body=1" for 127.0.0.1 at 2016-01-10 17:05:12 +0900



Started GET "/assets/cable.self-877aef30ae1b040ab8a3aba4e3e309a11d7f2612f44dde450b5c157aa5f95c05.js?body=1" for 127.0.0.1 at 2016-01-10 17:05:12 +0900

Started GET "/assets/application.self-b89234cf2659d7fedea75bca0b8d231ad7dfc2f3f57fcbaf5f44ed9dc384137b.js?body=1" for 127.0.0.1 at 2016-01-10 17:05:12 +0900
Started GET "/assets/rooms.self-877aef30ae1b040ab8a3aba4e3e309a11d7f2612f44dde450b5c157aa5f95c05.js?body=1" for 127.0.0.1 at 2016-01-10 17:05:12 +0900


Started GET "/" for 127.0.0.1 at 2016-01-10 17:05:52 +0900
Processing by RoomsController#show as HTML
  [1m[36mMessage Load (0.3ms)[0m  [1m[34mSELECT `messages`.* FROM `messages`[0m
  Rendered rooms/_message.html.erb (0.5ms)
  Rendered rooms/show.html.erb within layouts/application (3.3ms)
Completed 200 OK in 32ms (Views: 29.5ms | ActiveRecord: 0.3ms)



Started GET "/assets/rooms.self-b60acab5af8d245ed2b3012f77d11d8d207d8eada27756badaf4ef05770d60f6.css?body=1" for 127.0.0.1 at 2016-01-10 17:05:53 +0900






Started GET "/assets/action_cable.self-8fc7cfd5b796d0299c89a57dbf5b046051f42ce410f160fd7f1e677c8dc07def.js?body=1" for 127.0.0.1 at 2016-01-10 17:05:53 +0900


Started GET "/assets/application.self-af04b226fd7202dfc532ce7aedb95a0128277937e90d3b3a3d35e1cce9e16886.css?body=1" for 127.0.0.1 at 2016-01-10 17:05:53 +0900

Started GET "/assets/jquery.self-a714331225dda820228db323939889f149aec0127aeb06255646b616ba1ca419.js?body=1" for 127.0.0.1 at 2016-01-10 17:05:53 +0900
Started GET "/assets/jquery_ujs.self-d456baa54c1fa6be2ec3711f0a72ddf7a5b2f34a6b4f515f33767d6207b7d4b3.js?body=1" for 127.0.0.1 at 2016-01-10 17:05:53 +0900

Started GET "/assets/turbolinks.self-c37727e9bd6b2735da5c311aa83fead54ed0be6cc8bd9a65309e9c5abe2cbfff.js?body=1" for 127.0.0.1 at 2016-01-10 17:05:53 +0900


Started GET "/assets/action_cable/connection_monitor.self-96ccf8cd7b05d478ea0ab7cd14ef5fdfd0041d1c71c0aab83388a89f2738de76.js?body=1" for 127.0.0.1 at 2016-01-10 17:05:53 +0900





Started GET "/assets/action_cable/subscriptions.self-170b7f9892e046ad9db79d6214bd916e001995616586ed9521b4b1d68ad91edb.js?body=1" for 127.0.0.1 at 2016-01-10 17:05:53 +0900

Started GET "/assets/action_cable/connection.self-03fd4ada852b2a22cfb5d4c9478b83189b7a32cae3c1385a4fb1cdf8b52ad169.js?body=1" for 127.0.0.1 at 2016-01-10 17:05:53 +0900
Started GET "/assets/action_cable/subscription.self-63bb8fcaf3e18e3bb4b849c831819921afe52d3e48e77f3c0d2d50fdf43a9b0c.js?body=1" for 127.0.0.1 at 2016-01-10 17:05:53 +0900




Started GET "/assets/action_cable/consumer.self-3424ad9f5e606f20e5e1f688b93f3d68db3ef18d1b646823d37c984e62b4b72e.js?body=1" for 127.0.0.1 at 2016-01-10 17:05:53 +0900



Started GET "/assets/rooms.self-877aef30ae1b040ab8a3aba4e3e309a11d7f2612f44dde450b5c157aa5f95c05.js?body=1" for 127.0.0.1 at 2016-01-10 17:05:53 +0900
Started GET "/assets/cable.self-877aef30ae1b040ab8a3aba4e3e309a11d7f2612f44dde450b5c157aa5f95c05.js?body=1" for 127.0.0.1 at 2016-01-10 17:05:53 +0900
Started GET "/assets/application.self-b89234cf2659d7fedea75bca0b8d231ad7dfc2f3f57fcbaf5f44ed9dc384137b.js?body=1" for 127.0.0.1 at 2016-01-10 17:05:53 +0900


Started GET "/" for 127.0.0.1 at 2016-01-10 17:05:57 +0900
Processing by RoomsController#show as HTML
  [1m[36mMessage Load (0.2ms)[0m  [1m[34mSELECT `messages`.* FROM `messages`[0m
  Rendered rooms/_message.html.erb (0.1ms)
  Rendered rooms/show.html.erb within layouts/application (2.3ms)
Completed 200 OK in 28ms (Views: 26.5ms | ActiveRecord: 0.2ms)
DEPRECATION WARNING: alias_method_chain is deprecated. Please, use Module#prepend instead. From module, you can access the original method using super. (called from block in tsort_each at /Users/yamaneyusuke/.rbenv/versions/2.2.2/lib/ruby/2.2.0/tsort.rb:226)
DEPRECATION WARNING: before_filter is deprecated and will be removed in Rails 5.1. Use before_action instead. (called from <top (required)> at /Users/yamaneyusuke/projects/campfire/app/controllers/application_controller.rb:1)
DEPRECATION WARNING: after_filter is deprecated and will be removed in Rails 5.1. Use after_action instead. (called from <top (required)> at /Users/yamaneyusuke/projects/campfire/app/controllers/application_controller.rb:1)
DEPRECATION WARNING: alias_method_chain is deprecated. Please, use Module#prepend instead. From module, you can access the original method using super. (called from block in tsort_each at /Users/yamaneyusuke/.rbenv/versions/2.2.2/lib/ruby/2.2.0/tsort.rb:226)
DEPRECATION WARNING: before_filter is deprecated and will be removed in Rails 5.1. Use before_action instead. (called from <top (required)> at /Users/yamaneyusuke/projects/campfire/app/controllers/application_controller.rb:1)
DEPRECATION WARNING: after_filter is deprecated and will be removed in Rails 5.1. Use after_action instead. (called from <top (required)> at /Users/yamaneyusuke/projects/campfire/app/controllers/application_controller.rb:1)
DEPRECATION WARNING: alias_method_chain is deprecated. Please, use Module#prepend instead. From module, you can access the original method using super. (called from block in tsort_each at /Users/yamaneyusuke/.rbenv/versions/2.2.2/lib/ruby/2.2.0/tsort.rb:226)
DEPRECATION WARNING: before_filter is deprecated and will be removed in Rails 5.1. Use before_action instead. (called from <top (required)> at /Users/yamaneyusuke/projects/campfire/app/controllers/application_controller.rb:1)
DEPRECATION WARNING: after_filter is deprecated and will be removed in Rails 5.1. Use after_action instead. (called from <top (required)> at /Users/yamaneyusuke/projects/campfire/app/controllers/application_controller.rb:1)


Started GET "/" for 127.0.0.1 at 2016-01-10 18:47:47 +0900
  [1m[36mActiveRecord::SchemaMigration Load (0.6ms)[0m  [1m[34mSELECT `schema_migrations`.* FROM `schema_migrations`[0m
Processing by RoomsController#show as HTML
  [1m[36mMessage Load (0.4ms)[0m  [1m[34mSELECT `messages`.* FROM `messages`[0m
  Rendered rooms/_message.html.erb (0.5ms)
  Rendered rooms/show.html.erb within layouts/application (29.3ms)
Completed 200 OK in 301ms (Views: 266.2ms | ActiveRecord: 19.8ms)
DEPRECATION WARNING: alias_method_chain is deprecated. Please, use Module#prepend instead. From module, you can access the original method using super. (called from block in tsort_each at /Users/yamaneyusuke/.rbenv/versions/2.2.2/lib/ruby/2.2.0/tsort.rb:226)
DEPRECATION WARNING: alias_method_chain is deprecated. Please, use Module#prepend instead. From module, you can access the original method using super. (called from block in tsort_each at /Users/yamaneyusuke/.rbenv/versions/2.2.2/lib/ruby/2.2.0/tsort.rb:226)
  [1m[35m (24.7ms)[0m  [1m[34mSELECT DATABASE() as db[0m
  [1m[35m (27.8ms)[0m  [1m[34mSELECT GET_LOCK('7725324632540604075', 0);[0m
  [1m[36mActiveRecord::SchemaMigration Load (0.5ms)[0m  [1m[34mSELECT `schema_migrations`.* FROM `schema_migrations`[0m
  [1m[35m (6.4ms)[0m  [1m[34mSELECT RELEASE_LOCK('7725324632540604075')[0m
  [1m[36mActiveRecord::SchemaMigration Load (0.3ms)[0m  [1m[34mSELECT `schema_migrations`.* FROM `schema_migrations`[0m
  [1m[35m (0.2ms)[0m  [1m[35mSHOW CREATE TABLE `messages`[0m
  [1m[35m (0.4ms)[0m  [1m[35mSHOW TABLE STATUS LIKE 'messages'[0m
  [1m[35m (6.2ms)[0m  [1m[34mSELECT fk.referenced_table_name as 'to_table'
      ,fk.referenced_column_name as 'primary_key'
      ,fk.column_name as 'column'
      ,fk.constraint_name as 'name'
FROM information_schema.key_column_usage fk
WHERE fk.referenced_column_name is not null
  AND fk.table_schema = 'campfire_development'
  AND fk.table_name = 'messages'
[0m
  [1m[35m (0.2ms)[0m  [1m[35mSHOW CREATE TABLE `messages`[0m
DEPRECATION WARNING: alias_method_chain is deprecated. Please, use Module#prepend instead. From module, you can access the original method using super. (called from block in tsort_each at /Users/yamaneyusuke/.rbenv/versions/2.2.2/lib/ruby/2.2.0/tsort.rb:226)
DEPRECATION WARNING: alias_method_chain is deprecated. Please, use Module#prepend instead. From module, you can access the original method using super. (called from block in tsort_each at /Users/yamaneyusuke/.rbenv/versions/2.2.2/lib/ruby/2.2.0/tsort.rb:226)
DEPRECATION WARNING: before_filter is deprecated and will be removed in Rails 5.1. Use before_action instead. (called from <top (required)> at /Users/yamaneyusuke/projects/rails_5_play_ground/app/controllers/application_controller.rb:1)
DEPRECATION WARNING: after_filter is deprecated and will be removed in Rails 5.1. Use after_action instead. (called from <top (required)> at /Users/yamaneyusuke/projects/rails_5_play_ground/app/controllers/application_controller.rb:1)


Started GET "/" for 127.0.0.1 at 2016-01-10 22:56:12 +0900
  [1m[36mActiveRecord::SchemaMigration Load (0.3ms)[0m  [1m[34mSELECT `schema_migrations`.* FROM `schema_migrations`[0m
Processing by RoomsController#show as HTML
  [1m[36mMessage Load (0.2ms)[0m  [1m[34mSELECT `messages`.* FROM `messages`[0m
  Rendered rooms/_message.html.erb (0.5ms)
  Rendered rooms/show.html.erb within layouts/application (30.3ms)
Completed 200 OK in 631ms (Views: 593.8ms | ActiveRecord: 21.7ms)


Started GET "/cable" for 127.0.0.1 at 2016-01-10 22:56:13 +0900
Started GET "/cable/" [WebSocket] for 127.0.0.1 at 2016-01-10 22:56:13 +0900
RoomChannel is transmitting the subscription confirmation
RoomChannel is streaming from rome_channel
[ActionCable] Redis reconnect failed.
[ActionCable] Redis reconnect failed.
[ActionCable] Redis reconnect failed.
[ActionCable] Redis reconnect failed.
[ActionCable] Redis reconnect failed.
DEPRECATION WARNING: alias_method_chain is deprecated. Please, use Module#prepend instead. From module, you can access the original method using super. (called from block in tsort_each at /Users/yamaneyusuke/.rbenv/versions/2.2.2/lib/ruby/2.2.0/tsort.rb:226)
DEPRECATION WARNING: before_filter is deprecated and will be removed in Rails 5.1. Use before_action instead. (called from <top (required)> at /Users/yamaneyusuke/projects/rails_5_play_ground/app/controllers/application_controller.rb:1)
DEPRECATION WARNING: after_filter is deprecated and will be removed in Rails 5.1. Use after_action instead. (called from <top (required)> at /Users/yamaneyusuke/projects/rails_5_play_ground/app/controllers/application_controller.rb:1)


Started GET "/" for 127.0.0.1 at 2016-01-10 22:57:22 +0900
  [1m[36mActiveRecord::SchemaMigration Load (0.3ms)[0m  [1m[34mSELECT `schema_migrations`.* FROM `schema_migrations`[0m
Processing by RoomsController#show as HTML
  [1m[36mMessage Load (0.3ms)[0m  [1m[34mSELECT `messages`.* FROM `messages`[0m
  Rendered rooms/_message.html.erb (0.7ms)
  Rendered rooms/show.html.erb within layouts/application (17.6ms)
Completed 200 OK in 303ms (Views: 283.5ms | ActiveRecord: 2.2ms)


Started GET "/assets/rooms.self-b60acab5af8d245ed2b3012f77d11d8d207d8eada27756badaf4ef05770d60f6.css?body=1" for 127.0.0.1 at 2016-01-10 22:57:23 +0900


Started GET "/assets/application.self-af04b226fd7202dfc532ce7aedb95a0128277937e90d3b3a3d35e1cce9e16886.css?body=1" for 127.0.0.1 at 2016-01-10 22:57:23 +0900








Started GET "/assets/jquery.self-a714331225dda820228db323939889f149aec0127aeb06255646b616ba1ca419.js?body=1" for 127.0.0.1 at 2016-01-10 22:57:23 +0900


Started GET "/assets/turbolinks.self-c37727e9bd6b2735da5c311aa83fead54ed0be6cc8bd9a65309e9c5abe2cbfff.js?body=1" for 127.0.0.1 at 2016-01-10 22:57:23 +0900
Started GET "/assets/action_cable/connection.self-03fd4ada852b2a22cfb5d4c9478b83189b7a32cae3c1385a4fb1cdf8b52ad169.js?body=1" for 127.0.0.1 at 2016-01-10 22:57:23 +0900
Started GET "/assets/action_cable.self-8fc7cfd5b796d0299c89a57dbf5b046051f42ce410f160fd7f1e677c8dc07def.js?body=1" for 127.0.0.1 at 2016-01-10 22:57:23 +0900
Started GET "/assets/jquery_ujs.self-d456baa54c1fa6be2ec3711f0a72ddf7a5b2f34a6b4f515f33767d6207b7d4b3.js?body=1" for 127.0.0.1 at 2016-01-10 22:57:23 +0900





Started GET "/assets/action_cable/connection_monitor.self-96ccf8cd7b05d478ea0ab7cd14ef5fdfd0041d1c71c0aab83388a89f2738de76.js?body=1" for 127.0.0.1 at 2016-01-10 22:57:23 +0900
Started GET "/assets/action_cable/subscriptions.self-170b7f9892e046ad9db79d6214bd916e001995616586ed9521b4b1d68ad91edb.js?body=1" for 127.0.0.1 at 2016-01-10 22:57:23 +0900






Started GET "/assets/action_cable/subscription.self-63bb8fcaf3e18e3bb4b849c831819921afe52d3e48e77f3c0d2d50fdf43a9b0c.js?body=1" for 127.0.0.1 at 2016-01-10 22:57:23 +0900


Started GET "/assets/action_cable/consumer.self-3424ad9f5e606f20e5e1f688b93f3d68db3ef18d1b646823d37c984e62b4b72e.js?body=1" for 127.0.0.1 at 2016-01-10 22:57:23 +0900


Started GET "/assets/cable.self-e475a14c2de96c3e8b6ec198f31d9dce665cb56a1de35233ff6b6e4aed8af083.js?body=1" for 127.0.0.1 at 2016-01-10 22:57:23 +0900
Started GET "/assets/channels/room.self-0250b00ae08c62297a926d8c96165f1ab39709b1002bf2aee40e1769dfdefb5a.js?body=1" for 127.0.0.1 at 2016-01-10 22:57:23 +0900
Started GET "/assets/rooms.self-877aef30ae1b040ab8a3aba4e3e309a11d7f2612f44dde450b5c157aa5f95c05.js?body=1" for 127.0.0.1 at 2016-01-10 22:57:23 +0900

Started GET "/assets/application.self-b89234cf2659d7fedea75bca0b8d231ad7dfc2f3f57fcbaf5f44ed9dc384137b.js?body=1" for 127.0.0.1 at 2016-01-10 22:57:23 +0900


Started GET "/cable" for 127.0.0.1 at 2016-01-10 22:57:23 +0900
Started GET "/cable/" [WebSocket] for 127.0.0.1 at 2016-01-10 22:57:23 +0900
RoomChannel is transmitting the subscription confirmation
RoomChannel is streaming from rome_channel
Actor crashed!
Celluloid::DeadActorError: attempted to call a dead actor
	/Users/yamaneyusuke/.rbenv/versions/2.2.2/lib/ruby/gems/2.2.0/gems/celluloid-0.17.2/lib/celluloid/proxy/sync.rb:25:in `method_missing'
	/Users/yamaneyusuke/.rbenv/versions/2.2.2/lib/ruby/2.2.0/set.rb:308:in `delete'
	/Users/yamaneyusuke/.rbenv/versions/2.2.2/lib/ruby/2.2.0/set.rb:308:in `delete'
	/Users/yamaneyusuke/.rbenv/versions/2.2.2/lib/ruby/gems/2.2.0/gems/celluloid-pool-0.20.5/lib/celluloid/supervision/container/pool.rb:163:in `__crash_handler__'
	/Users/yamaneyusuke/.rbenv/versions/2.2.2/lib/ruby/gems/2.2.0/gems/celluloid-0.17.2/lib/celluloid/cell.rb:15:in `block in call'
	/Users/yamaneyusuke/.rbenv/versions/2.2.2/lib/ruby/gems/2.2.0/gems/celluloid-0.17.2/lib/celluloid/cell.rb:76:in `block in task'
	/Users/yamaneyusuke/.rbenv/versions/2.2.2/lib/ruby/gems/2.2.0/gems/celluloid-0.17.2/lib/celluloid/actor.rb:339:in `block in task'
	/Users/yamaneyusuke/.rbenv/versions/2.2.2/lib/ruby/gems/2.2.0/gems/celluloid-0.17.2/lib/celluloid/task.rb:44:in `block in initialize'
	/Users/yamaneyusuke/.rbenv/versions/2.2.2/lib/ruby/gems/2.2.0/gems/celluloid-0.17.2/lib/celluloid/task/fibered.rb:14:in `block in create'
DEPRECATION WARNING: alias_method_chain is deprecated. Please, use Module#prepend instead. From module, you can access the original method using super. (called from block in tsort_each at /Users/yamaneyusuke/.rbenv/versions/2.2.2/lib/ruby/2.2.0/tsort.rb:226)
DEPRECATION WARNING: before_filter is deprecated and will be removed in Rails 5.1. Use before_action instead. (called from <top (required)> at /Users/yamaneyusuke/projects/rails_5_play_ground/app/controllers/application_controller.rb:1)
DEPRECATION WARNING: after_filter is deprecated and will be removed in Rails 5.1. Use after_action instead. (called from <top (required)> at /Users/yamaneyusuke/projects/rails_5_play_ground/app/controllers/application_controller.rb:1)


Started GET "/cable" for 127.0.0.1 at 2016-01-10 23:03:10 +0900
  [1m[36mActiveRecord::SchemaMigration Load (0.3ms)[0m  [1m[34mSELECT `schema_migrations`.* FROM `schema_migrations`[0m
Started GET "/cable/" [WebSocket] for 127.0.0.1 at 2016-01-10 23:03:10 +0900
RoomChannel is transmitting the subscription confirmation
RoomChannel is streaming from rome_channel


Started GET "/" for 127.0.0.1 at 2016-01-10 23:03:11 +0900
Processing by RoomsController#show as HTML
  [1m[36mMessage Load (18.4ms)[0m  [1m[34mSELECT `messages`.* FROM `messages`[0m
  Rendered rooms/_message.html.erb (0.4ms)
  Rendered rooms/show.html.erb within layouts/application (35.9ms)
Completed 200 OK in 369ms (Views: 330.5ms | ActiveRecord: 26.7ms)
Finished "/cable/" [WebSocket] for 127.0.0.1 at 2016-01-10 23:03:12 +0900
RoomChannel stopped streaming from rome_channel












Started GET "/assets/action_cable.self-8fc7cfd5b796d0299c89a57dbf5b046051f42ce410f160fd7f1e677c8dc07def.js?body=1" for 127.0.0.1 at 2016-01-10 23:03:12 +0900
Started GET "/assets/application.self-af04b226fd7202dfc532ce7aedb95a0128277937e90d3b3a3d35e1cce9e16886.css?body=1" for 127.0.0.1 at 2016-01-10 23:03:12 +0900
Started GET "/assets/jquery.self-a714331225dda820228db323939889f149aec0127aeb06255646b616ba1ca419.js?body=1" for 127.0.0.1 at 2016-01-10 23:03:12 +0900
Started GET "/assets/jquery_ujs.self-d456baa54c1fa6be2ec3711f0a72ddf7a5b2f34a6b4f515f33767d6207b7d4b3.js?body=1" for 127.0.0.1 at 2016-01-10 23:03:12 +0900
Started GET "/assets/turbolinks.self-c37727e9bd6b2735da5c311aa83fead54ed0be6cc8bd9a65309e9c5abe2cbfff.js?body=1" for 127.0.0.1 at 2016-01-10 23:03:12 +0900
Started GET "/assets/rooms.self-b60acab5af8d245ed2b3012f77d11d8d207d8eada27756badaf4ef05770d60f6.css?body=1" for 127.0.0.1 at 2016-01-10 23:03:12 +0900






Started GET "/assets/action_cable/subscriptions.self-170b7f9892e046ad9db79d6214bd916e001995616586ed9521b4b1d68ad91edb.js?body=1" for 127.0.0.1 at 2016-01-10 23:03:12 +0900

Started GET "/assets/action_cable/connection_monitor.self-96ccf8cd7b05d478ea0ab7cd14ef5fdfd0041d1c71c0aab83388a89f2738de76.js?body=1" for 127.0.0.1 at 2016-01-10 23:03:12 +0900
Started GET "/assets/action_cable/connection.self-03fd4ada852b2a22cfb5d4c9478b83189b7a32cae3c1385a4fb1cdf8b52ad169.js?body=1" for 127.0.0.1 at 2016-01-10 23:03:12 +0900


Started GET "/assets/action_cable/subscription.self-63bb8fcaf3e18e3bb4b849c831819921afe52d3e48e77f3c0d2d50fdf43a9b0c.js?body=1" for 127.0.0.1 at 2016-01-10 23:03:12 +0900





Started GET "/assets/action_cable/consumer.self-3424ad9f5e606f20e5e1f688b93f3d68db3ef18d1b646823d37c984e62b4b72e.js?body=1" for 127.0.0.1 at 2016-01-10 23:03:12 +0900

Started GET "/assets/channels/room.self-0250b00ae08c62297a926d8c96165f1ab39709b1002bf2aee40e1769dfdefb5a.js?body=1" for 127.0.0.1 at 2016-01-10 23:03:12 +0900



Started GET "/assets/cable.self-e475a14c2de96c3e8b6ec198f31d9dce665cb56a1de35233ff6b6e4aed8af083.js?body=1" for 127.0.0.1 at 2016-01-10 23:03:12 +0900
Started GET "/assets/application.self-b89234cf2659d7fedea75bca0b8d231ad7dfc2f3f57fcbaf5f44ed9dc384137b.js?body=1" for 127.0.0.1 at 2016-01-10 23:03:12 +0900
Started GET "/assets/rooms.self-877aef30ae1b040ab8a3aba4e3e309a11d7f2612f44dde450b5c157aa5f95c05.js?body=1" for 127.0.0.1 at 2016-01-10 23:03:12 +0900


Started GET "/cable" for 127.0.0.1 at 2016-01-10 23:03:12 +0900
Started GET "/cable/" [WebSocket] for 127.0.0.1 at 2016-01-10 23:03:12 +0900
RoomChannel is transmitting the subscription confirmation
RoomChannel is streaming from rome_channel
DEPRECATION WARNING: alias_method_chain is deprecated. Please, use Module#prepend instead. From module, you can access the original method using super. (called from block in tsort_each at /Users/yamaneyusuke/.rbenv/versions/2.2.2/lib/ruby/2.2.0/tsort.rb:226)
DEPRECATION WARNING: before_filter is deprecated and will be removed in Rails 5.1. Use before_action instead. (called from <top (required)> at /Users/yamaneyusuke/projects/rails_5_play_ground/app/controllers/application_controller.rb:1)
DEPRECATION WARNING: after_filter is deprecated and will be removed in Rails 5.1. Use after_action instead. (called from <top (required)> at /Users/yamaneyusuke/projects/rails_5_play_ground/app/controllers/application_controller.rb:1)


Started GET "/cable" for 127.0.0.1 at 2016-01-10 23:04:10 +0900
  [1m[36mActiveRecord::SchemaMigration Load (0.3ms)[0m  [1m[34mSELECT `schema_migrations`.* FROM `schema_migrations`[0m
Started GET "/cable/" [WebSocket] for 127.0.0.1 at 2016-01-10 23:04:10 +0900
RoomChannel is transmitting the subscription confirmation
RoomChannel is streaming from rome_channel


Started GET "/" for 127.0.0.1 at 2016-01-10 23:04:22 +0900
Processing by RoomsController#show as HTML
  [1m[36mMessage Load (0.3ms)[0m  [1m[34mSELECT `messages`.* FROM `messages`[0m
  Rendered rooms/_message.html.erb (0.5ms)
  Rendered rooms/show.html.erb within layouts/application (28.2ms)
Completed 200 OK in 585ms (Views: 554.1ms | ActiveRecord: 20.1ms)
Finished "/cable/" [WebSocket] for 127.0.0.1 at 2016-01-10 23:04:23 +0900
RoomChannel stopped streaming from rome_channel


Started GET "/assets/rooms.self-b60acab5af8d245ed2b3012f77d11d8d207d8eada27756badaf4ef05770d60f6.css?body=1" for 127.0.0.1 at 2016-01-10 23:04:23 +0900







Started GET "/assets/application.self-af04b226fd7202dfc532ce7aedb95a0128277937e90d3b3a3d35e1cce9e16886.css?body=1" for 127.0.0.1 at 2016-01-10 23:04:23 +0900



Started GET "/assets/jquery.self-a714331225dda820228db323939889f149aec0127aeb06255646b616ba1ca419.js?body=1" for 127.0.0.1 at 2016-01-10 23:04:23 +0900
Started GET "/assets/turbolinks.self-c37727e9bd6b2735da5c311aa83fead54ed0be6cc8bd9a65309e9c5abe2cbfff.js?body=1" for 127.0.0.1 at 2016-01-10 23:04:23 +0900

Started GET "/assets/jquery_ujs.self-d456baa54c1fa6be2ec3711f0a72ddf7a5b2f34a6b4f515f33767d6207b7d4b3.js?body=1" for 127.0.0.1 at 2016-01-10 23:04:23 +0900
Started GET "/assets/action_cable.self-8fc7cfd5b796d0299c89a57dbf5b046051f42ce410f160fd7f1e677c8dc07def.js?body=1" for 127.0.0.1 at 2016-01-10 23:04:23 +0900





Started GET "/assets/action_cable/connection.self-03fd4ada852b2a22cfb5d4c9478b83189b7a32cae3c1385a4fb1cdf8b52ad169.js?body=1" for 127.0.0.1 at 2016-01-10 23:04:23 +0900


Started GET "/assets/action_cable/connection_monitor.self-96ccf8cd7b05d478ea0ab7cd14ef5fdfd0041d1c71c0aab83388a89f2738de76.js?body=1" for 127.0.0.1 at 2016-01-10 23:04:23 +0900



Started GET "/assets/action_cable/subscriptions.self-170b7f9892e046ad9db79d6214bd916e001995616586ed9521b4b1d68ad91edb.js?body=1" for 127.0.0.1 at 2016-01-10 23:04:23 +0900
Started GET "/assets/action_cable/consumer.self-3424ad9f5e606f20e5e1f688b93f3d68db3ef18d1b646823d37c984e62b4b72e.js?body=1" for 127.0.0.1 at 2016-01-10 23:04:23 +0900
Started GET "/assets/action_cable/subscription.self-63bb8fcaf3e18e3bb4b849c831819921afe52d3e48e77f3c0d2d50fdf43a9b0c.js?body=1" for 127.0.0.1 at 2016-01-10 23:04:23 +0900







Started GET "/assets/cable.self-e475a14c2de96c3e8b6ec198f31d9dce665cb56a1de35233ff6b6e4aed8af083.js?body=1" for 127.0.0.1 at 2016-01-10 23:04:23 +0900
Started GET "/assets/channels/room.self-9453b0e8859eca1ea12de1f38c3311f969f1331a2b3d63e9deec60858986bcba.js?body=1" for 127.0.0.1 at 2016-01-10 23:04:23 +0900
Started GET "/assets/rooms.self-877aef30ae1b040ab8a3aba4e3e309a11d7f2612f44dde450b5c157aa5f95c05.js?body=1" for 127.0.0.1 at 2016-01-10 23:04:23 +0900
Started GET "/assets/application.self-b89234cf2659d7fedea75bca0b8d231ad7dfc2f3f57fcbaf5f44ed9dc384137b.js?body=1" for 127.0.0.1 at 2016-01-10 23:04:23 +0900


Started GET "/cable" for 127.0.0.1 at 2016-01-10 23:04:23 +0900
Started GET "/cable/" [WebSocket] for 127.0.0.1 at 2016-01-10 23:04:23 +0900
RoomChannel is transmitting the subscription confirmation
RoomChannel is streaming from rome_channel
RoomChannel#speak({"message"=>"Hello world"})
Could not execute command from {"command"=>"message", "identifier"=>"{\"channel\":\"RoomChannel\"}", "data"=>"{\"message\":\"Hello world\",\"action\":\"speak\"}"}) [NameError - undefined local variable or method `data' for #<RoomChannel:0x007faa67d65ce0>]: /Users/yamaneyusuke/projects/rails_5_play_ground/app/channels/room_channel.rb:12:in `speak' | /Users/yamaneyusuke/.rbenv/versions/2.2.2/lib/ruby/gems/2.2.0/gems/actioncable-5.0.0.beta1/lib/action_cable/channel/base.rb:246:in `public_send' | /Users/yamaneyusuke/.rbenv/versions/2.2.2/lib/ruby/gems/2.2.0/gems/actioncable-5.0.0.beta1/lib/action_cable/channel/base.rb:246:in `dispatch_action' | /Users/yamaneyusuke/.rbenv/versions/2.2.2/lib/ruby/gems/2.2.0/gems/actioncable-5.0.0.beta1/lib/action_cable/channel/base.rb:154:in `perform_action' | /Users/yamaneyusuke/.rbenv/versions/2.2.2/lib/ruby/gems/2.2.0/gems/actioncable-5.0.0.beta1/lib/action_cable/connection/subscriptions.rb:49:in `perform_action'
Attempted to resume a dead task: type=:call, meta={:dangerous_suspend=>false, :method_name=>:invoke}, status=:dead
RoomChannel#speak({"message"=>"Hello world"})
Could not execute command from {"command"=>"message", "identifier"=>"{\"channel\":\"RoomChannel\"}", "data"=>"{\"message\":\"Hello world\",\"action\":\"speak\"}"}) [NameError - undefined local variable or method `data' for #<RoomChannel:0x007faa67d65ce0>]: /Users/yamaneyusuke/projects/rails_5_play_ground/app/channels/room_channel.rb:12:in `speak' | /Users/yamaneyusuke/.rbenv/versions/2.2.2/lib/ruby/gems/2.2.0/gems/actioncable-5.0.0.beta1/lib/action_cable/channel/base.rb:246:in `public_send' | /Users/yamaneyusuke/.rbenv/versions/2.2.2/lib/ruby/gems/2.2.0/gems/actioncable-5.0.0.beta1/lib/action_cable/channel/base.rb:246:in `dispatch_action' | /Users/yamaneyusuke/.rbenv/versions/2.2.2/lib/ruby/gems/2.2.0/gems/actioncable-5.0.0.beta1/lib/action_cable/channel/base.rb:154:in `perform_action' | /Users/yamaneyusuke/.rbenv/versions/2.2.2/lib/ruby/gems/2.2.0/gems/actioncable-5.0.0.beta1/lib/action_cable/connection/subscriptions.rb:49:in `perform_action'
Attempted to resume a dead task: type=:call, meta={:dangerous_suspend=>false, :method_name=>:invoke}, status=:dead
RoomChannel#speak({"message"=>"Hello world"})
Could not execute command from {"command"=>"message", "identifier"=>"{\"channel\":\"RoomChannel\"}", "data"=>"{\"message\":\"Hello world\",\"action\":\"speak\"}"}) [NameError - undefined local variable or method `data' for #<RoomChannel:0x007faa67d65ce0>]: /Users/yamaneyusuke/projects/rails_5_play_ground/app/channels/room_channel.rb:12:in `speak' | /Users/yamaneyusuke/.rbenv/versions/2.2.2/lib/ruby/gems/2.2.0/gems/actioncable-5.0.0.beta1/lib/action_cable/channel/base.rb:246:in `public_send' | /Users/yamaneyusuke/.rbenv/versions/2.2.2/lib/ruby/gems/2.2.0/gems/actioncable-5.0.0.beta1/lib/action_cable/channel/base.rb:246:in `dispatch_action' | /Users/yamaneyusuke/.rbenv/versions/2.2.2/lib/ruby/gems/2.2.0/gems/actioncable-5.0.0.beta1/lib/action_cable/channel/base.rb:154:in `perform_action' | /Users/yamaneyusuke/.rbenv/versions/2.2.2/lib/ruby/gems/2.2.0/gems/actioncable-5.0.0.beta1/lib/action_cable/connection/subscriptions.rb:49:in `perform_action'
Attempted to resume a dead task: type=:call, meta={:dangerous_suspend=>false, :method_name=>:invoke}, status=:dead
RoomChannel#speak({"message"=>"Hello world"})
Could not execute command from {"command"=>"message", "identifier"=>"{\"channel\":\"RoomChannel\"}", "data"=>"{\"message\":\"Hello world\",\"action\":\"speak\"}"}) [NameError - undefined local variable or method `data' for #<RoomChannel:0x007faa67d65ce0>]: /Users/yamaneyusuke/projects/rails_5_play_ground/app/channels/room_channel.rb:12:in `speak' | /Users/yamaneyusuke/.rbenv/versions/2.2.2/lib/ruby/gems/2.2.0/gems/actioncable-5.0.0.beta1/lib/action_cable/channel/base.rb:246:in `public_send' | /Users/yamaneyusuke/.rbenv/versions/2.2.2/lib/ruby/gems/2.2.0/gems/actioncable-5.0.0.beta1/lib/action_cable/channel/base.rb:246:in `dispatch_action' | /Users/yamaneyusuke/.rbenv/versions/2.2.2/lib/ruby/gems/2.2.0/gems/actioncable-5.0.0.beta1/lib/action_cable/channel/base.rb:154:in `perform_action' | /Users/yamaneyusuke/.rbenv/versions/2.2.2/lib/ruby/gems/2.2.0/gems/actioncable-5.0.0.beta1/lib/action_cable/connection/subscriptions.rb:49:in `perform_action'
Attempted to resume a dead task: type=:call, meta={:dangerous_suspend=>false, :method_name=>:invoke}, status=:dead
RoomChannel#speak({"message"=>"Hello world"})
Could not execute command from {"command"=>"message", "identifier"=>"{\"channel\":\"RoomChannel\"}", "data"=>"{\"message\":\"Hello world\",\"action\":\"speak\"}"}) [NameError - undefined local variable or method `data' for #<RoomChannel:0x007faa67d65ce0>]: /Users/yamaneyusuke/projects/rails_5_play_ground/app/channels/room_channel.rb:12:in `speak' | /Users/yamaneyusuke/.rbenv/versions/2.2.2/lib/ruby/gems/2.2.0/gems/actioncable-5.0.0.beta1/lib/action_cable/channel/base.rb:246:in `public_send' | /Users/yamaneyusuke/.rbenv/versions/2.2.2/lib/ruby/gems/2.2.0/gems/actioncable-5.0.0.beta1/lib/action_cable/channel/base.rb:246:in `dispatch_action' | /Users/yamaneyusuke/.rbenv/versions/2.2.2/lib/ruby/gems/2.2.0/gems/actioncable-5.0.0.beta1/lib/action_cable/channel/base.rb:154:in `perform_action' | /Users/yamaneyusuke/.rbenv/versions/2.2.2/lib/ruby/gems/2.2.0/gems/actioncable-5.0.0.beta1/lib/action_cable/connection/subscriptions.rb:49:in `perform_action'
Attempted to resume a dead task: type=:call, meta={:dangerous_suspend=>false, :method_name=>:invoke}, status=:dead
RoomChannel#speak
Could not execute command from {"command"=>"message", "identifier"=>"{\"channel\":\"RoomChannel\"}", "data"=>"{\"action\":\"speak\"}"}) [NameError - undefined local variable or method `data' for #<RoomChannel:0x007faa67d65ce0>]: /Users/yamaneyusuke/projects/rails_5_play_ground/app/channels/room_channel.rb:12:in `speak' | /Users/yamaneyusuke/.rbenv/versions/2.2.2/lib/ruby/gems/2.2.0/gems/actioncable-5.0.0.beta1/lib/action_cable/channel/base.rb:246:in `public_send' | /Users/yamaneyusuke/.rbenv/versions/2.2.2/lib/ruby/gems/2.2.0/gems/actioncable-5.0.0.beta1/lib/action_cable/channel/base.rb:246:in `dispatch_action' | /Users/yamaneyusuke/.rbenv/versions/2.2.2/lib/ruby/gems/2.2.0/gems/actioncable-5.0.0.beta1/lib/action_cable/channel/base.rb:154:in `perform_action' | /Users/yamaneyusuke/.rbenv/versions/2.2.2/lib/ruby/gems/2.2.0/gems/actioncable-5.0.0.beta1/lib/action_cable/connection/subscriptions.rb:49:in `perform_action'
Attempted to resume a dead task: type=:call, meta={:dangerous_suspend=>false, :method_name=>:invoke}, status=:dead
RoomChannel#speak({"message"=>"Hello world"})
Could not execute command from {"command"=>"message", "identifier"=>"{\"channel\":\"RoomChannel\"}", "data"=>"{\"message\":\"Hello world\",\"action\":\"speak\"}"}) [NameError - undefined local variable or method `data' for #<RoomChannel:0x007faa67d65ce0>]: /Users/yamaneyusuke/projects/rails_5_play_ground/app/channels/room_channel.rb:12:in `speak' | /Users/yamaneyusuke/.rbenv/versions/2.2.2/lib/ruby/gems/2.2.0/gems/actioncable-5.0.0.beta1/lib/action_cable/channel/base.rb:246:in `public_send' | /Users/yamaneyusuke/.rbenv/versions/2.2.2/lib/ruby/gems/2.2.0/gems/actioncable-5.0.0.beta1/lib/action_cable/channel/base.rb:246:in `dispatch_action' | /Users/yamaneyusuke/.rbenv/versions/2.2.2/lib/ruby/gems/2.2.0/gems/actioncable-5.0.0.beta1/lib/action_cable/channel/base.rb:154:in `perform_action' | /Users/yamaneyusuke/.rbenv/versions/2.2.2/lib/ruby/gems/2.2.0/gems/actioncable-5.0.0.beta1/lib/action_cable/connection/subscriptions.rb:49:in `perform_action'
Attempted to resume a dead task: type=:call, meta={:dangerous_suspend=>false, :method_name=>:invoke}, status=:dead
RoomChannel#speak({"message"=>"Hello world"})
Could not execute command from {"command"=>"message", "identifier"=>"{\"channel\":\"RoomChannel\"}", "data"=>"{\"message\":\"Hello world\",\"action\":\"speak\"}"}) [NameError - undefined local variable or method `data' for #<RoomChannel:0x007faa67d65ce0>]: /Users/yamaneyusuke/projects/rails_5_play_ground/app/channels/room_channel.rb:12:in `speak' | /Users/yamaneyusuke/.rbenv/versions/2.2.2/lib/ruby/gems/2.2.0/gems/actioncable-5.0.0.beta1/lib/action_cable/channel/base.rb:246:in `public_send' | /Users/yamaneyusuke/.rbenv/versions/2.2.2/lib/ruby/gems/2.2.0/gems/actioncable-5.0.0.beta1/lib/action_cable/channel/base.rb:246:in `dispatch_action' | /Users/yamaneyusuke/.rbenv/versions/2.2.2/lib/ruby/gems/2.2.0/gems/actioncable-5.0.0.beta1/lib/action_cable/channel/base.rb:154:in `perform_action' | /Users/yamaneyusuke/.rbenv/versions/2.2.2/lib/ruby/gems/2.2.0/gems/actioncable-5.0.0.beta1/lib/action_cable/connection/subscriptions.rb:49:in `perform_action'
Attempted to resume a dead task: type=:call, meta={:dangerous_suspend=>false, :method_name=>:invoke}, status=:dead
RoomChannel#speak({"message"=>"Hello world"})
Could not execute command from {"command"=>"message", "identifier"=>"{\"channel\":\"RoomChannel\"}", "data"=>"{\"message\":\"Hello world\",\"action\":\"speak\"}"}) [NameError - undefined local variable or method `data' for #<RoomChannel:0x007faa67d65ce0>]: /Users/yamaneyusuke/projects/rails_5_play_ground/app/channels/room_channel.rb:12:in `speak' | /Users/yamaneyusuke/.rbenv/versions/2.2.2/lib/ruby/gems/2.2.0/gems/actioncable-5.0.0.beta1/lib/action_cable/channel/base.rb:246:in `public_send' | /Users/yamaneyusuke/.rbenv/versions/2.2.2/lib/ruby/gems/2.2.0/gems/actioncable-5.0.0.beta1/lib/action_cable/channel/base.rb:246:in `dispatch_action' | /Users/yamaneyusuke/.rbenv/versions/2.2.2/lib/ruby/gems/2.2.0/gems/actioncable-5.0.0.beta1/lib/action_cable/channel/base.rb:154:in `perform_action' | /Users/yamaneyusuke/.rbenv/versions/2.2.2/lib/ruby/gems/2.2.0/gems/actioncable-5.0.0.beta1/lib/action_cable/connection/subscriptions.rb:49:in `perform_action'
Attempted to resume a dead task: type=:call, meta={:dangerous_suspend=>false, :method_name=>:invoke}, status=:dead
RoomChannel#speak({"message"=>"Hello world"})
Could not execute command from {"command"=>"message", "identifier"=>"{\"channel\":\"RoomChannel\"}", "data"=>"{\"message\":\"Hello world\",\"action\":\"speak\"}"}) [NameError - undefined local variable or method `data' for #<RoomChannel:0x007faa67d65ce0>]: /Users/yamaneyusuke/projects/rails_5_play_ground/app/channels/room_channel.rb:12:in `speak' | /Users/yamaneyusuke/.rbenv/versions/2.2.2/lib/ruby/gems/2.2.0/gems/actioncable-5.0.0.beta1/lib/action_cable/channel/base.rb:246:in `public_send' | /Users/yamaneyusuke/.rbenv/versions/2.2.2/lib/ruby/gems/2.2.0/gems/actioncable-5.0.0.beta1/lib/action_cable/channel/base.rb:246:in `dispatch_action' | /Users/yamaneyusuke/.rbenv/versions/2.2.2/lib/ruby/gems/2.2.0/gems/actioncable-5.0.0.beta1/lib/action_cable/channel/base.rb:154:in `perform_action' | /Users/yamaneyusuke/.rbenv/versions/2.2.2/lib/ruby/gems/2.2.0/gems/actioncable-5.0.0.beta1/lib/action_cable/connection/subscriptions.rb:49:in `perform_action'
Attempted to resume a dead task: type=:call, meta={:dangerous_suspend=>false, :method_name=>:invoke}, status=:dead
RoomChannel#speak({"message"=>"Hello world"})
Could not execute command from {"command"=>"message", "identifier"=>"{\"channel\":\"RoomChannel\"}", "data"=>"{\"message\":\"Hello world\",\"action\":\"speak\"}"}) [NameError - undefined local variable or method `data' for #<RoomChannel:0x007faa67d65ce0>]: /Users/yamaneyusuke/projects/rails_5_play_ground/app/channels/room_channel.rb:12:in `speak' | /Users/yamaneyusuke/.rbenv/versions/2.2.2/lib/ruby/gems/2.2.0/gems/actioncable-5.0.0.beta1/lib/action_cable/channel/base.rb:246:in `public_send' | /Users/yamaneyusuke/.rbenv/versions/2.2.2/lib/ruby/gems/2.2.0/gems/actioncable-5.0.0.beta1/lib/action_cable/channel/base.rb:246:in `dispatch_action' | /Users/yamaneyusuke/.rbenv/versions/2.2.2/lib/ruby/gems/2.2.0/gems/actioncable-5.0.0.beta1/lib/action_cable/channel/base.rb:154:in `perform_action' | /Users/yamaneyusuke/.rbenv/versions/2.2.2/lib/ruby/gems/2.2.0/gems/actioncable-5.0.0.beta1/lib/action_cable/connection/subscriptions.rb:49:in `perform_action'
Attempted to resume a dead task: type=:call, meta={:dangerous_suspend=>false, :method_name=>:invoke}, status=:dead
RoomChannel#speak({"message"=>"Hello world"})
Could not execute command from {"command"=>"message", "identifier"=>"{\"channel\":\"RoomChannel\"}", "data"=>"{\"message\":\"Hello world\",\"action\":\"speak\"}"}) [NameError - undefined local variable or method `data' for #<RoomChannel:0x007faa67d65ce0>]: /Users/yamaneyusuke/projects/rails_5_play_ground/app/channels/room_channel.rb:12:in `speak' | /Users/yamaneyusuke/.rbenv/versions/2.2.2/lib/ruby/gems/2.2.0/gems/actioncable-5.0.0.beta1/lib/action_cable/channel/base.rb:246:in `public_send' | /Users/yamaneyusuke/.rbenv/versions/2.2.2/lib/ruby/gems/2.2.0/gems/actioncable-5.0.0.beta1/lib/action_cable/channel/base.rb:246:in `dispatch_action' | /Users/yamaneyusuke/.rbenv/versions/2.2.2/lib/ruby/gems/2.2.0/gems/actioncable-5.0.0.beta1/lib/action_cable/channel/base.rb:154:in `perform_action' | /Users/yamaneyusuke/.rbenv/versions/2.2.2/lib/ruby/gems/2.2.0/gems/actioncable-5.0.0.beta1/lib/action_cable/connection/subscriptions.rb:49:in `perform_action'
Attempted to resume a dead task: type=:call, meta={:dangerous_suspend=>false, :method_name=>:invoke}, status=:dead
RoomChannel#speak({"message"=>"Hello world"})
Could not execute command from {"command"=>"message", "identifier"=>"{\"channel\":\"RoomChannel\"}", "data"=>"{\"message\":\"Hello world\",\"action\":\"speak\"}"}) [NameError - undefined local variable or method `data' for #<RoomChannel:0x007faa67d65ce0>]: /Users/yamaneyusuke/projects/rails_5_play_ground/app/channels/room_channel.rb:12:in `speak' | /Users/yamaneyusuke/.rbenv/versions/2.2.2/lib/ruby/gems/2.2.0/gems/actioncable-5.0.0.beta1/lib/action_cable/channel/base.rb:246:in `public_send' | /Users/yamaneyusuke/.rbenv/versions/2.2.2/lib/ruby/gems/2.2.0/gems/actioncable-5.0.0.beta1/lib/action_cable/channel/base.rb:246:in `dispatch_action' | /Users/yamaneyusuke/.rbenv/versions/2.2.2/lib/ruby/gems/2.2.0/gems/actioncable-5.0.0.beta1/lib/action_cable/channel/base.rb:154:in `perform_action' | /Users/yamaneyusuke/.rbenv/versions/2.2.2/lib/ruby/gems/2.2.0/gems/actioncable-5.0.0.beta1/lib/action_cable/connection/subscriptions.rb:49:in `perform_action'
Attempted to resume a dead task: type=:call, meta={:dangerous_suspend=>false, :method_name=>:invoke}, status=:dead
